Handling lib "rpc-service-fs"...
The --lib flag was not given for it, checking repository
Repository "/fwbuild-volumes/1.19.5/apps/my-app/esp8266/build_contexts/build_ctx_101391896/libs/rpc-service-fs" does not exist, cloning...

Handling lib "rpc-service-config"...
The --lib flag was not given for it, checking repository
Repository "/fwbuild-volumes/1.19.5/apps/my-app/esp8266/build_contexts/build_ctx_101391896/libs/rpc-service-config" does not exist, cloning...

Handling lib "rpc-uart"...
Handling lib "ca-bundle"...
The --lib flag was not given for it, checking repository
Repository "/fwbuild-volumes/1.19.5/apps/my-app/esp8266/build_contexts/build_ctx_101391896/libs/rpc-uart" does not exist, cloning...

The --lib flag was not given for it, checking repository
Handling lib "wifi"...
Repository "/fwbuild-volumes/1.19.5/apps/my-app/esp8266/build_contexts/build_ctx_101391896/libs/ca-bundle" does not exist, cloning...

The --lib flag was not given for it, checking repository
Repository "/fwbuild-volumes/1.19.5/apps/my-app/esp8266/build_contexts/build_ctx_101391896/libs/wifi" does not exist, cloning...

Prepared local dir: "/fwbuild-volumes/1.19.5/apps/my-app/esp8266/build_contexts/build_ctx_101391896/libs/ca-bundle"
Prepared local dir: "/fwbuild-volumes/1.19.5/apps/my-app/esp8266/build_contexts/build_ctx_101391896/libs/wifi"
Prepared local dir: "/fwbuild-volumes/1.19.5/apps/my-app/esp8266/build_contexts/build_ctx_101391896/libs/rpc-uart"
Handling lib "rpc-common"...
The --lib flag was not given for it, checking repository
Repository "/fwbuild-volumes/1.19.5/apps/my-app/esp8266/build_contexts/build_ctx_101391896/libs/rpc-common" does not exist, cloning...

Prepared local dir: "/fwbuild-volumes/1.19.5/apps/my-app/esp8266/build_contexts/build_ctx_101391896/libs/rpc-service-config"
Lib "rpc-common" is already handled, skipping
Prepared local dir: "/fwbuild-volumes/1.19.5/apps/my-app/esp8266/build_contexts/build_ctx_101391896/libs/rpc-service-fs"
Lib "rpc-common" is already handled, skipping
Prepared local dir: "/fwbuild-volumes/1.19.5/apps/my-app/esp8266/build_contexts/build_ctx_101391896/libs/rpc-common"
Lib "http-server" is optional, skipping
The flag --repo is not given, going to use mongoose-os repository
Sources: [/fwbuild-volumes/1.19.5/apps/my-app/esp8266/build_contexts/build_ctx_101391896/src/main.c /fwbuild-volumes/1.19.5/apps/my-app/esp8266/build_contexts/build_ctx_101391896/build/gen/deps_init.c /fwbuild-volumes/1.19.5/apps/my-app/esp8266/build_contexts/build_ctx_101391896/libs/ca-bundle/src/mgos_ca_bundle.c /fwbuild-volumes/1.19.5/apps/my-app/esp8266/build_contexts/build_ctx_101391896/libs/rpc-common/src/mg_rpc/mg_rpc.c /fwbuild-volumes/1.19.5/apps/my-app/esp8266/build_contexts/build_ctx_101391896/libs/rpc-common/src/mg_rpc/mg_rpc_channel_http.c /fwbuild-volumes/1.19.5/apps/my-app/esp8266/build_contexts/build_ctx_101391896/libs/rpc-common/src/mg_rpc/mg_rpc_channel_tcp_common.c /fwbuild-volumes/1.19.5/apps/my-app/esp8266/build_contexts/build_ctx_101391896/libs/rpc-common/src/mg_rpc/mg_rpc_channel_ws.c /fwbuild-volumes/1.19.5/apps/my-app/esp8266/build_contexts/build_ctx_101391896/libs/rpc-common/src/mgos_rpc.c /fwbuild-volumes/1.19.5/apps/my-app/esp8266/build_contexts/build_ctx_101391896/libs/rpc-service-config/src/mgos_service_config.c /fwbuild-volumes/1.19.5/apps/my-app/esp8266/build_contexts/build_ctx_101391896/libs/rpc-service-fs/src/mgos_service_filesystem.c /fwbuild-volumes/1.19.5/apps/my-app/esp8266/build_contexts/build_ctx_101391896/libs/rpc-uart/src/mgos_rpc_channel_uart.c /fwbuild-volumes/1.19.5/apps/my-app/esp8266/build_contexts/build_ctx_101391896/libs/wifi/src/mgos_wifi.c /fwbuild-volumes/1.19.5/apps/my-app/esp8266/build_contexts/build_ctx_101391896/libs/wifi/src/mjs_wifi.c /fwbuild-volumes/1.19.5/apps/my-app/esp8266/build_contexts/build_ctx_101391896/libs/wifi/esp8266/src/esp_wifi.c]
Include dirs: [/fwbuild-volumes/1.19.5/apps/my-app/esp8266/build_contexts/build_ctx_101391896/libs/rpc-common/include/mg_rpc /fwbuild-volumes/1.19.5/apps/my-app/esp8266/build_contexts/build_ctx_101391896/libs/rpc-common/include /fwbuild-volumes/1.19.5/apps/my-app/esp8266/build_contexts/build_ctx_101391896/libs/rpc-service-config/include /fwbuild-volumes/1.19.5/apps/my-app/esp8266/build_contexts/build_ctx_101391896/libs/rpc-service-fs/include /fwbuild-volumes/1.19.5/apps/my-app/esp8266/build_contexts/build_ctx_101391896/libs/rpc-uart/include /fwbuild-volumes/1.19.5/apps/my-app/esp8266/build_contexts/build_ctx_101391896/libs/wifi/include]
Binary libs: []
Building...
mount from "/fwbuild-volumes/1.19.5/apps/my-app/esp8266/build_contexts/build_ctx_101391896" to "/app"
mount from "/fwbuild-volumes/1.19.5/apps/my-app/esp8266/build_contexts/build_ctx_101391896/modules/mongoose-os-1.19.5" to "/mongoose-os"
mount from "/fwbuild-volumes/1.19.5/apps/my-app/esp8266/build_contexts/build_ctx_101391896/modules/mongoose-os-1.19.5" to "/fwbuild-volumes/1.19.5/apps/my-app/esp8266/build_contexts/build_ctx_101391896/modules/mongoose-os-1.19.5"
mount from "/fwbuild-volumes/1.19.5/apps/my-app/esp8266/build_contexts/build_ctx_101391896/build" to "/fwbuild-volumes/1.19.5/apps/my-app/esp8266/build_contexts/build_ctx_101391896/build"
mount from "/fwbuild-volumes/1.19.5/apps/my-app/esp8266/build_contexts/build_ctx_101391896/src" to "/fwbuild-volumes/1.19.5/apps/my-app/esp8266/build_contexts/build_ctx_101391896/src"
mount from "/fwbuild-volumes/1.19.5/apps/my-app/esp8266/build_contexts/build_ctx_101391896/build/gen" to "/fwbuild-volumes/1.19.5/apps/my-app/esp8266/build_contexts/build_ctx_101391896/build/gen"
mount from "/fwbuild-volumes/1.19.5/apps/my-app/esp8266/build_contexts/build_ctx_101391896/libs/ca-bundle/src" to "/fwbuild-volumes/1.19.5/apps/my-app/esp8266/build_contexts/build_ctx_101391896/libs/ca-bundle/src"
mount from "/fwbuild-volumes/1.19.5/apps/my-app/esp8266/build_contexts/build_ctx_101391896/libs/rpc-common/src/mg_rpc" to "/fwbuild-volumes/1.19.5/apps/my-app/esp8266/build_contexts/build_ctx_101391896/libs/rpc-common/src/mg_rpc"
mount from "/fwbuild-volumes/1.19.5/apps/my-app/esp8266/build_contexts/build_ctx_101391896/libs/rpc-common/src" to "/fwbuild-volumes/1.19.5/apps/my-app/esp8266/build_contexts/build_ctx_101391896/libs/rpc-common/src"
mount from "/fwbuild-volumes/1.19.5/apps/my-app/esp8266/build_contexts/build_ctx_101391896/libs/rpc-service-config/src" to "/fwbuild-volumes/1.19.5/apps/my-app/esp8266/build_contexts/build_ctx_101391896/libs/rpc-service-config/src"
mount from "/fwbuild-volumes/1.19.5/apps/my-app/esp8266/build_contexts/build_ctx_101391896/libs/rpc-service-fs/src" to "/fwbuild-volumes/1.19.5/apps/my-app/esp8266/build_contexts/build_ctx_101391896/libs/rpc-service-fs/src"
mount from "/fwbuild-volumes/1.19.5/apps/my-app/esp8266/build_contexts/build_ctx_101391896/libs/rpc-uart/src" to "/fwbuild-volumes/1.19.5/apps/my-app/esp8266/build_contexts/build_ctx_101391896/libs/rpc-uart/src"
mount from "/fwbuild-volumes/1.19.5/apps/my-app/esp8266/build_contexts/build_ctx_101391896/libs/wifi/src" to "/fwbuild-volumes/1.19.5/apps/my-app/esp8266/build_contexts/build_ctx_101391896/libs/wifi/src"
mount from "/fwbuild-volumes/1.19.5/apps/my-app/esp8266/build_contexts/build_ctx_101391896/libs/wifi/esp8266/src" to "/fwbuild-volumes/1.19.5/apps/my-app/esp8266/build_contexts/build_ctx_101391896/libs/wifi/esp8266/src"
mount from "/fwbuild-volumes/1.19.5/apps/my-app/esp8266/build_contexts/build_ctx_101391896/libs/rpc-common/include/mg_rpc" to "/fwbuild-volumes/1.19.5/apps/my-app/esp8266/build_contexts/build_ctx_101391896/libs/rpc-common/include/mg_rpc"
mount from "/fwbuild-volumes/1.19.5/apps/my-app/esp8266/build_contexts/build_ctx_101391896/libs/rpc-common/include" to "/fwbuild-volumes/1.19.5/apps/my-app/esp8266/build_contexts/build_ctx_101391896/libs/rpc-common/include"
mount from "/fwbuild-volumes/1.19.5/apps/my-app/esp8266/build_contexts/build_ctx_101391896/libs/rpc-service-config/include" to "/fwbuild-volumes/1.19.5/apps/my-app/esp8266/build_contexts/build_ctx_101391896/libs/rpc-service-config/include"
mount from "/fwbuild-volumes/1.19.5/apps/my-app/esp8266/build_contexts/build_ctx_101391896/libs/rpc-service-fs/include" to "/fwbuild-volumes/1.19.5/apps/my-app/esp8266/build_contexts/build_ctx_101391896/libs/rpc-service-fs/include"
mount from "/fwbuild-volumes/1.19.5/apps/my-app/esp8266/build_contexts/build_ctx_101391896/libs/rpc-uart/include" to "/fwbuild-volumes/1.19.5/apps/my-app/esp8266/build_contexts/build_ctx_101391896/libs/rpc-uart/include"
mount from "/fwbuild-volumes/1.19.5/apps/my-app/esp8266/build_contexts/build_ctx_101391896/libs/wifi/include" to "/fwbuild-volumes/1.19.5/apps/my-app/esp8266/build_contexts/build_ctx_101391896/libs/wifi/include"
mount from "/fwbuild-volumes/1.19.5/apps/my-app/esp8266/build_contexts/build_ctx_101391896/libs/ca-bundle/fs" to "/fwbuild-volumes/1.19.5/apps/my-app/esp8266/build_contexts/build_ctx_101391896/libs/ca-bundle/fs"
mount from "/fwbuild-volumes/1.19.5/apps/my-app/esp8266/build_contexts/build_ctx_101391896/fs" to "/fwbuild-volumes/1.19.5/apps/my-app/esp8266/build_contexts/build_ctx_101391896/fs"
mount from "/fwbuild-volumes/1.19.5/apps/my-app/esp8266/build_contexts/build_ctx_101391896/build/gen" to "/fwbuild-volumes/1.19.5/apps/my-app/esp8266/build_contexts/build_ctx_101391896/build/gen"
Docker arguments: run --name mos_build_2017-11-02T00-07-13-00_1 --rm -i -v /fwbuild-volumes/1.19.5/apps/my-app/esp8266/build_contexts/build_ctx_101391896/libs/rpc-common/include/mg_rpc:/fwbuild-volumes/1.19.5/apps/my-app/esp8266/build_contexts/build_ctx_101391896/libs/rpc-common/include/mg_rpc -v /fwbuild-volumes/1.19.5/apps/my-app/esp8266/build_contexts/build_ctx_101391896/libs/rpc-service-config/include:/fwbuild-volumes/1.19.5/apps/my-app/esp8266/build_contexts/build_ctx_101391896/libs/rpc-service-config/include -v /fwbuild-volumes/1.19.5/apps/my-app/esp8266/build_contexts/build_ctx_101391896/libs/rpc-uart/include:/fwbuild-volumes/1.19.5/apps/my-app/esp8266/build_contexts/build_ctx_101391896/libs/rpc-uart/include -v /fwbuild-volumes/1.19.5/apps/my-app/esp8266/build_contexts/build_ctx_101391896/modules/mongoose-os-1.19.5:/fwbuild-volumes/1.19.5/apps/my-app/esp8266/build_contexts/build_ctx_101391896/modules/mongoose-os-1.19.5 -v /fwbuild-volumes/1.19.5/apps/my-app/esp8266/build_contexts/build_ctx_101391896/libs/rpc-uart/src:/fwbuild-volumes/1.19.5/apps/my-app/esp8266/build_contexts/build_ctx_101391896/libs/rpc-uart/src -v /fwbuild-volumes/1.19.5/apps/my-app/esp8266/build_contexts/build_ctx_101391896/libs/rpc-service-config/src:/fwbuild-volumes/1.19.5/apps/my-app/esp8266/build_contexts/build_ctx_101391896/libs/rpc-service-config/src -v /fwbuild-volumes/1.19.5/apps/my-app/esp8266/build_contexts/build_ctx_101391896/libs/wifi/esp8266/src:/fwbuild-volumes/1.19.5/apps/my-app/esp8266/build_contexts/build_ctx_101391896/libs/wifi/esp8266/src -v /fwbuild-volumes/1.19.5/apps/my-app/esp8266/build_contexts/build_ctx_101391896:/app -v /fwbuild-volumes/1.19.5/apps/my-app/esp8266/build_contexts/build_ctx_101391896/src:/fwbuild-volumes/1.19.5/apps/my-app/esp8266/build_contexts/build_ctx_101391896/src -v /fwbuild-volumes/1.19.5/apps/my-app/esp8266/build_contexts/build_ctx_101391896/libs/rpc-common/include:/fwbuild-volumes/1.19.5/apps/my-app/esp8266/build_contexts/build_ctx_101391896/libs/rpc-common/include -v /fwbuild-volumes/1.19.5/apps/my-app/esp8266/build_contexts/build_ctx_101391896/libs/rpc-service-fs/include:/fwbuild-volumes/1.19.5/apps/my-app/esp8266/build_contexts/build_ctx_101391896/libs/rpc-service-fs/include -v /fwbuild-volumes/1.19.5/apps/my-app/esp8266/build_contexts/build_ctx_101391896/libs/wifi/include:/fwbuild-volumes/1.19.5/apps/my-app/esp8266/build_contexts/build_ctx_101391896/libs/wifi/include -v /fwbuild-volumes/1.19.5/apps/my-app/esp8266/build_contexts/build_ctx_101391896/libs/ca-bundle/fs:/fwbuild-volumes/1.19.5/apps/my-app/esp8266/build_contexts/build_ctx_101391896/libs/ca-bundle/fs -v /fwbuild-volumes/1.19.5/apps/my-app/esp8266/build_contexts/build_ctx_101391896/fs:/fwbuild-volumes/1.19.5/apps/my-app/esp8266/build_contexts/build_ctx_101391896/fs -v /fwbuild-volumes/1.19.5/apps/my-app/esp8266/build_contexts/build_ctx_101391896/libs/rpc-common/src:/fwbuild-volumes/1.19.5/apps/my-app/esp8266/build_contexts/build_ctx_101391896/libs/rpc-common/src -v /fwbuild-volumes/1.19.5/apps/my-app/esp8266/build_contexts/build_ctx_101391896/libs/rpc-service-fs/src:/fwbuild-volumes/1.19.5/apps/my-app/esp8266/build_contexts/build_ctx_101391896/libs/rpc-service-fs/src -v /fwbuild-volumes/1.19.5/apps/my-app/esp8266/build_contexts/build_ctx_101391896/build/gen:/fwbuild-volumes/1.19.5/apps/my-app/esp8266/build_contexts/build_ctx_101391896/build/gen -v /fwbuild-volumes/1.19.5/apps/my-app/esp8266/build_contexts/build_ctx_101391896/libs/ca-bundle/src:/fwbuild-volumes/1.19.5/apps/my-app/esp8266/build_contexts/build_ctx_101391896/libs/ca-bundle/src -v /fwbuild-volumes/1.19.5/apps/my-app/esp8266/build_contexts/build_ctx_101391896/libs/rpc-common/src/mg_rpc:/fwbuild-volumes/1.19.5/apps/my-app/esp8266/build_contexts/build_ctx_101391896/libs/rpc-common/src/mg_rpc -v /fwbuild-volumes/1.19.5/apps/my-app/esp8266/build_contexts/build_ctx_101391896/libs/wifi/src:/fwbuild-volumes/1.19.5/apps/my-app/esp8266/build_contexts/build_ctx_101391896/libs/wifi/src -v /fwbuild-volumes/1.19.5/apps/my-app/esp8266/build_contexts/build_ctx_101391896/modules/mongoose-os-1.19.5:/mongoose-os -v /fwbuild-volumes/1.19.5/apps/my-app/esp8266/build_contexts/build_ctx_101391896/build:/fwbuild-volumes/1.19.5/apps/my-app/esp8266/build_contexts/build_ctx_101391896/build --user 0:0 docker.cesanta.com/esp8266-build:2.1.0-1.5.0-r7 /bin/bash -c nice make '-j' '32' '-C' '/app' '-f' '/mongoose-os/fw/platforms/esp8266/Makefile.build' 'all' 'MGOS_HAVE_RPC_UART=1' 'PLATFORM=esp8266' 'APP_INCLUDES=/fwbuild-volumes/1.19.5/apps/my-app/esp8266/build_contexts/build_ctx_101391896/libs/rpc-common/include/mg_rpc /fwbuild-volumes/1.19.5/apps/my-app/esp8266/build_contexts/build_ctx_101391896/libs/rpc-common/include /fwbuild-volumes/1.19.5/apps/my-app/esp8266/build_contexts/build_ctx_101391896/libs/rpc-service-config/include /fwbuild-volumes/1.19.5/apps/my-app/esp8266/build_contexts/build_ctx_101391896/libs/rpc-service-fs/include /fwbuild-volumes/1.19.5/apps/my-app/esp8266/build_contexts/build_ctx_101391896/libs/rpc-uart/include /fwbuild-volumes/1.19.5/apps/my-app/esp8266/build_contexts/build_ctx_101391896/libs/wifi/include' 'APP=my-app' 'APP_BIN_LIBS=' 'APP_FS_FILES=/fwbuild-volumes/1.19.5/apps/my-app/esp8266/build_contexts/build_ctx_101391896/libs/ca-bundle/fs/ca.pem /fwbuild-volumes/1.19.5/apps/my-app/esp8266/build_contexts/build_ctx_101391896/fs/index.html' 'APP_CONF_SCHEMA=/fwbuild-volumes/1.19.5/apps/my-app/esp8266/build_contexts/build_ctx_101391896/build/gen/mos_conf_schema.yml' 'MGOS_HAVE_RPC_SERVICE_FS=1' 'GEN_DIR=/fwbuild-volumes/1.19.5/apps/my-app/esp8266/build_contexts/build_ctx_101391896/build/gen' 'MANIFEST_FINAL=/fwbuild-volumes/1.19.5/apps/my-app/esp8266/build_contexts/build_ctx_101391896/build/gen/mos_final.yml' 'MGOS_PATH=/mongoose-os' 'BUILD_DIR=/fwbuild-volumes/1.19.5/apps/my-app/esp8266/build_contexts/build_ctx_101391896/build/objs' 'FW_DIR=build/fw' 'MGOS_HAVE_RPC_COMMON=1' 'MGOS_WIFI_ENABLE_AP_STA=1' 'APP_CFLAGS=-DMGOS_ENABLE_RPC_CHANNEL_HTTP=1 -DMGOS_ENABLE_RPC_CHANNEL_WS=1 -DMGOS_ENABLE_SYS_SERVICE=1 -DMGOS_HAVE_RPC_SERVICE_CONFIG=1 -DMGOS_HAVE_RPC_SERVICE_FS=1 -DMGOS_HAVE_CA_BUNDLE=1 -DMGOS_HAVE_RPC_COMMON=1 -DMGOS_WIFI_ENABLE_AP_STA=1 -DMGOS_HAVE_WIFI=1 -DMGOS_HAVE_RPC_UART=1' 'FS_STAGING_DIR=build/fs' 'FFI_SYMBOLS=' 'MGOS_HAVE_CA_BUNDLE=1' 'MGOS_HAVE_WIFI=1' 'MGOS_HAVE_RPC_SERVICE_CONFIG=1' 'APP_SOURCES=/fwbuild-volumes/1.19.5/apps/my-app/esp8266/build_contexts/build_ctx_101391896/src/main.c /fwbuild-volumes/1.19.5/apps/my-app/esp8266/build_contexts/build_ctx_101391896/build/gen/deps_init.c /fwbuild-volumes/1.19.5/apps/my-app/esp8266/build_contexts/build_ctx_101391896/libs/ca-bundle/src/mgos_ca_bundle.c /fwbuild-volumes/1.19.5/apps/my-app/esp8266/build_contexts/build_ctx_101391896/libs/rpc-common/src/mg_rpc/mg_rpc.c /fwbuild-volumes/1.19.5/apps/my-app/esp8266/build_contexts/build_ctx_101391896/libs/rpc-common/src/mg_rpc/mg_rpc_channel_http.c /fwbuild-volumes/1.19.5/apps/my-app/esp8266/build_contexts/build_ctx_101391896/libs/rpc-common/src/mg_rpc/mg_rpc_channel_tcp_common.c /fwbuild-volumes/1.19.5/apps/my-app/esp8266/build_contexts/build_ctx_101391896/libs/rpc-common/src/mg_rpc/mg_rpc_channel_ws.c /fwbuild-volumes/1.19.5/apps/my-app/esp8266/build_contexts/build_ctx_101391896/libs/rpc-common/src/mgos_rpc.c /fwbuild-volumes/1.19.5/apps/my-app/esp8266/build_contexts/build_ctx_101391896/libs/rpc-service-config/src/mgos_service_config.c /fwbuild-volumes/1.19.5/apps/my-app/esp8266/build_contexts/build_ctx_101391896/libs/rpc-service-fs/src/mgos_service_filesystem.c /fwbuild-volumes/1.19.5/apps/my-app/esp8266/build_contexts/build_ctx_101391896/libs/rpc-uart/src/mgos_rpc_channel_uart.c /fwbuild-volumes/1.19.5/apps/my-app/esp8266/build_contexts/build_ctx_101391896/libs/wifi/src/mgos_wifi.c /fwbuild-volumes/1.19.5/apps/my-app/esp8266/build_contexts/build_ctx_101391896/libs/wifi/src/mjs_wifi.c /fwbuild-volumes/1.19.5/apps/my-app/esp8266/build_contexts/build_ctx_101391896/libs/wifi/esp8266/src/esp_wifi.c' 'APP_VERSION=1.0' 'APP_CXXFLAGS=-DMGOS_ENABLE_SYS_SERVICE=1 -DMGOS_HAVE_RPC_SERVICE_CONFIG=1 -DMGOS_HAVE_RPC_SERVICE_FS=1 -DMGOS_HAVE_CA_BUNDLE=1 -DMGOS_ENABLE_RPC_CHANNEL_HTTP=1 -DMGOS_ENABLE_RPC_CHANNEL_WS=1 -DMGOS_HAVE_WIFI=1 -DMGOS_HAVE_RPC_UART=1 -DMGOS_HAVE_RPC_COMMON=1 -DMGOS_WIFI_ENABLE_AP_STA=1'
make: Entering directory '/app'
  MKDIR /fwbuild-volumes/1.19.5/apps/my-app/esp8266/build_contexts/build_ctx_101391896/build/objs
  MKDIR /app/build/fw
  MKDIR /fwbuild-volumes/1.19.5/apps/my-app/esp8266/build_contexts/build_ctx_101391896/build/objs/fw_temp
  GEN   /fwbuild-volumes/1.19.5/apps/my-app/esp8266/build_contexts/build_ctx_101391896/build/gen/mgos_config.c
  GEN   /fwbuild-volumes/1.19.5/apps/my-app/esp8266/build_contexts/build_ctx_101391896/build/gen/mgos_ro_vars.c
CC esptool2.c
gcc -O2 -Wall -c esptool2.c -o /fwbuild-volumes/1.19.5/apps/my-app/esp8266/build_contexts/build_ctx_101391896/build/objs/esptool2.o
CC esptool2_elf.c
gcc -O2 -Wall -c esptool2_elf.c -o /fwbuild-volumes/1.19.5/apps/my-app/esp8266/build_contexts/build_ctx_101391896/build/objs/esptool2_elf.o
  GEN   /fwbuild-volumes/1.19.5/apps/my-app/esp8266/build_contexts/build_ctx_101391896/build/gen/ffi_exports.c
make[1]: Entering directory '/app'
make[1]: warning: -jN forced in submake: disabling jobserver mode.
  GEN   /mongoose-os/fw/platforms/esp8266/ld/non_os.ld (0xffff0 @ 0x40200010) -> /fwbuild-volumes/1.19.5/apps/my-app/esp8266/build_contexts/build_ctx_101391896/build/gen/0x100000.ld
  CC    ./src/netif/etharp.c -> /fwbuild-volumes/1.19.5/apps/my-app/esp8266/build_contexts/build_ctx_101391896/build/objs/lwip/etharp.o
  GEN   /fwbuild-volumes/1.19.5/apps/my-app/esp8266/build_contexts/build_ctx_101391896/build/gen/mgos_config_schema.json
  CC    ./src/core/mem.c -> /fwbuild-volumes/1.19.5/apps/my-app/esp8266/build_contexts/build_ctx_101391896/build/objs/lwip/mem.o
  GEN   /fwbuild-volumes/1.19.5/apps/my-app/esp8266/build_contexts/build_ctx_101391896/build/gen/mgos_ro_vars_schema.json
  CC    ./src/core/dhcp.c -> /fwbuild-volumes/1.19.5/apps/my-app/esp8266/build_contexts/build_ctx_101391896/build/objs/lwip/dhcp.o
  CC    ./src/core/sys_arch.c -> /fwbuild-volumes/1.19.5/apps/my-app/esp8266/build_contexts/build_ctx_101391896/build/objs/lwip/sys_arch.o
  CC    ./src/core/mdns.c -> /fwbuild-volumes/1.19.5/apps/my-app/esp8266/build_contexts/build_ctx_101391896/build/objs/lwip/mdns.o
  CC    ./src/core/init.c -> /fwbuild-volumes/1.19.5/apps/my-app/esp8266/build_contexts/build_ctx_101391896/build/objs/lwip/init.o
  CC    ./src/core/memp.c -> /fwbuild-volumes/1.19.5/apps/my-app/esp8266/build_contexts/build_ctx_101391896/build/objs/lwip/memp.o
  CC    ./src/core/sys.c -> /fwbuild-volumes/1.19.5/apps/my-app/esp8266/build_contexts/build_ctx_101391896/build/objs/lwip/sys.o
LD /fwbuild-volumes/1.19.5/apps/my-app/esp8266/build_contexts/build_ctx_101391896/build/objs/esptool2
gcc -o /fwbuild-volumes/1.19.5/apps/my-app/esp8266/build_contexts/build_ctx_101391896/build/objs/esptool2 /fwbuild-volumes/1.19.5/apps/my-app/esp8266/build_contexts/build_ctx_101391896/build/objs/esptool2.o /fwbuild-volumes/1.19.5/apps/my-app/esp8266/build_contexts/build_ctx_101391896/build/objs/esptool2_elf.o
  CC    /mongoose-os/fw/platforms/esp8266/src/esp_cache.c -> /fwbuild-volumes/1.19.5/apps/my-app/esp8266/build_contexts/build_ctx_101391896/build/objs/esp_cache.c.o
  CC    /fwbuild-volumes/1.19.5/apps/my-app/esp8266/build_contexts/build_ctx_101391896/src/main.c -> /fwbuild-volumes/1.19.5/apps/my-app/esp8266/build_contexts/build_ctx_101391896/build/objs/main.c.o
  CC    /fwbuild-volumes/1.19.5/apps/my-app/esp8266/build_contexts/build_ctx_101391896/build/gen/deps_init.c -> /fwbuild-volumes/1.19.5/apps/my-app/esp8266/build_contexts/build_ctx_101391896/build/objs/deps_init.c.o
  CC    /fwbuild-volumes/1.19.5/apps/my-app/esp8266/build_contexts/build_ctx_101391896/libs/ca-bundle/src/mgos_ca_bundle.c -> /fwbuild-volumes/1.19.5/apps/my-app/esp8266/build_contexts/build_ctx_101391896/build/objs/mgos_ca_bundle.c.o
  CC    ./src/core/tcp_in.c -> /fwbuild-volumes/1.19.5/apps/my-app/esp8266/build_contexts/build_ctx_101391896/build/objs/lwip/tcp_in.o
  CC    ./src/core/dns.c -> /fwbuild-volumes/1.19.5/apps/my-app/esp8266/build_contexts/build_ctx_101391896/build/objs/lwip/dns.o
  CC    /fwbuild-volumes/1.19.5/apps/my-app/esp8266/build_contexts/build_ctx_101391896/libs/rpc-common/src/mg_rpc/mg_rpc.c -> /fwbuild-volumes/1.19.5/apps/my-app/esp8266/build_contexts/build_ctx_101391896/build/objs/mg_rpc.c.o
  CC    /fwbuild-volumes/1.19.5/apps/my-app/esp8266/build_contexts/build_ctx_101391896/libs/rpc-common/src/mg_rpc/mg_rpc_channel_http.c -> /fwbuild-volumes/1.19.5/apps/my-app/esp8266/build_contexts/build_ctx_101391896/build/objs/mg_rpc_channel_http.c.o
  CC    /fwbuild-volumes/1.19.5/apps/my-app/esp8266/build_contexts/build_ctx_101391896/libs/rpc-common/src/mg_rpc/mg_rpc_channel_tcp_common.c -> /fwbuild-volumes/1.19.5/apps/my-app/esp8266/build_contexts/build_ctx_101391896/build/objs/mg_rpc_channel_tcp_common.c.o
  CC    /fwbuild-volumes/1.19.5/apps/my-app/esp8266/build_contexts/build_ctx_101391896/libs/rpc-common/src/mg_rpc/mg_rpc_channel_ws.c -> /fwbuild-volumes/1.19.5/apps/my-app/esp8266/build_contexts/build_ctx_101391896/build/objs/mg_rpc_channel_ws.c.o
  CC    /fwbuild-volumes/1.19.5/apps/my-app/esp8266/build_contexts/build_ctx_101391896/libs/rpc-common/src/mgos_rpc.c -> /fwbuild-volumes/1.19.5/apps/my-app/esp8266/build_contexts/build_ctx_101391896/build/objs/mgos_rpc.c.o
  CC    /fwbuild-volumes/1.19.5/apps/my-app/esp8266/build_contexts/build_ctx_101391896/libs/rpc-service-config/src/mgos_service_config.c -> /fwbuild-volumes/1.19.5/apps/my-app/esp8266/build_contexts/build_ctx_101391896/build/objs/mgos_service_config.c.o
  CC    /fwbuild-volumes/1.19.5/apps/my-app/esp8266/build_contexts/build_ctx_101391896/libs/rpc-service-fs/src/mgos_service_filesystem.c -> /fwbuild-volumes/1.19.5/apps/my-app/esp8266/build_contexts/build_ctx_101391896/build/objs/mgos_service_filesystem.c.o
  CC    ./src/core/raw.c -> /fwbuild-volumes/1.19.5/apps/my-app/esp8266/build_contexts/build_ctx_101391896/build/objs/lwip/raw.o
  CC    /fwbuild-volumes/1.19.5/apps/my-app/esp8266/build_contexts/build_ctx_101391896/libs/rpc-uart/src/mgos_rpc_channel_uart.c -> /fwbuild-volumes/1.19.5/apps/my-app/esp8266/build_contexts/build_ctx_101391896/build/objs/mgos_rpc_channel_uart.c.o
  CC    /fwbuild-volumes/1.19.5/apps/my-app/esp8266/build_contexts/build_ctx_101391896/libs/wifi/src/mgos_wifi.c -> /fwbuild-volumes/1.19.5/apps/my-app/esp8266/build_contexts/build_ctx_101391896/build/objs/mgos_wifi.c.o
  CC    /fwbuild-volumes/1.19.5/apps/my-app/esp8266/build_contexts/build_ctx_101391896/libs/wifi/src/mjs_wifi.c -> /fwbuild-volumes/1.19.5/apps/my-app/esp8266/build_contexts/build_ctx_101391896/build/objs/mjs_wifi.c.o
  CC    /fwbuild-volumes/1.19.5/apps/my-app/esp8266/build_contexts/build_ctx_101391896/libs/wifi/esp8266/src/esp_wifi.c -> /fwbuild-volumes/1.19.5/apps/my-app/esp8266/build_contexts/build_ctx_101391896/build/objs/esp_wifi.c.o
  CC    /fwbuild-volumes/1.19.5/apps/my-app/esp8266/build_contexts/build_ctx_101391896/build/gen/ffi_exports.c -> /fwbuild-volumes/1.19.5/apps/my-app/esp8266/build_contexts/build_ctx_101391896/build/objs/ffi_exports.c.o
  CC    /mongoose-os/common/cs_file.c -> /fwbuild-volumes/1.19.5/apps/my-app/esp8266/build_contexts/build_ctx_101391896/build/objs/cs_file.c.o
  CC    /mongoose-os/common/cs_rbuf.c -> /fwbuild-volumes/1.19.5/apps/my-app/esp8266/build_contexts/build_ctx_101391896/build/objs/cs_rbuf.c.o
  CC    /mongoose-os/fw/src/mgos_config_util.c -> /fwbuild-volumes/1.19.5/apps/my-app/esp8266/build_contexts/build_ctx_101391896/build/objs/mgos_config_util.c.o
  CC    /mongoose-os/fw/src/mgos_dlsym.c -> /fwbuild-volumes/1.19.5/apps/my-app/esp8266/build_contexts/build_ctx_101391896/build/objs/mgos_dlsym.c.o
  CC    /mongoose-os/fw/src/mgos_gpio.c -> /fwbuild-volumes/1.19.5/apps/my-app/esp8266/build_contexts/build_ctx_101391896/build/objs/mgos_gpio.c.o
  CC    /mongoose-os/fw/src/mgos_hooks.c -> /fwbuild-volumes/1.19.5/apps/my-app/esp8266/build_contexts/build_ctx_101391896/build/objs/mgos_hooks.c.o
  CC    ./src/core/tcp.c -> /fwbuild-volumes/1.19.5/apps/my-app/esp8266/build_contexts/build_ctx_101391896/build/objs/lwip/tcp.o
  CC    ./src/core/sntp.c -> /fwbuild-volumes/1.19.5/apps/my-app/esp8266/build_contexts/build_ctx_101391896/build/objs/lwip/sntp.o
  CC    /mongoose-os/fw/src/mgos_hw_timers.c -> /fwbuild-volumes/1.19.5/apps/my-app/esp8266/build_contexts/build_ctx_101391896/build/objs/mgos_hw_timers.c.o
  CC    /mongoose-os/fw/src/mgos_init.c -> /fwbuild-volumes/1.19.5/apps/my-app/esp8266/build_contexts/build_ctx_101391896/build/objs/mgos_init.c.o
  CC    /mongoose-os/fw/src/mgos_timers.c -> /fwbuild-volumes/1.19.5/apps/my-app/esp8266/build_contexts/build_ctx_101391896/build/objs/mgos_timers.c.o
  CC    /mongoose-os/fw/src/mgos_mmap_esp.c -> /fwbuild-volumes/1.19.5/apps/my-app/esp8266/build_contexts/build_ctx_101391896/build/objs/mgos_mmap_esp.c.o
  CC    /mongoose-os/fw/src/mgos_mongoose.c -> /fwbuild-volumes/1.19.5/apps/my-app/esp8266/build_contexts/build_ctx_101391896/build/objs/mgos_mongoose.c.o
  CC    /mongoose-os/fw/src/mgos_sys_config.c -> /fwbuild-volumes/1.19.5/apps/my-app/esp8266/build_contexts/build_ctx_101391896/build/objs/mgos_sys_config.c.o
  CC    /fwbuild-volumes/1.19.5/apps/my-app/esp8266/build_contexts/build_ctx_101391896/build/gen/mgos_config.c -> /fwbuild-volumes/1.19.5/apps/my-app/esp8266/build_contexts/build_ctx_101391896/build/objs/mgos_config.c.o
  CC    /fwbuild-volumes/1.19.5/apps/my-app/esp8266/build_contexts/build_ctx_101391896/build/gen/mgos_ro_vars.c -> /fwbuild-volumes/1.19.5/apps/my-app/esp8266/build_contexts/build_ctx_101391896/build/objs/mgos_ro_vars.c.o
  CC    /mongoose-os/fw/src/mgos_system.c -> /fwbuild-volumes/1.19.5/apps/my-app/esp8266/build_contexts/build_ctx_101391896/build/objs/mgos_system.c.o
  CC    /mongoose-os/fw/src/mgos_uart.c -> /fwbuild-volumes/1.19.5/apps/my-app/esp8266/build_contexts/build_ctx_101391896/build/objs/mgos_uart.c.o
  CC    /mongoose-os/fw/src/mgos_utils.c -> /fwbuild-volumes/1.19.5/apps/my-app/esp8266/build_contexts/build_ctx_101391896/build/objs/mgos_utils.c.o
  CC    /mongoose-os/fw/src/mgos_vfs.c -> /fwbuild-volumes/1.19.5/apps/my-app/esp8266/build_contexts/build_ctx_101391896/build/objs/mgos_vfs.c.o
  CC    /mongoose-os/fw/src/mgos_vfs_dev.c -> /fwbuild-volumes/1.19.5/apps/my-app/esp8266/build_contexts/build_ctx_101391896/build/objs/mgos_vfs_dev.c.o
  CC    /mongoose-os/fw/src/mgos_vfs_fs_spiffs.c -> /fwbuild-volumes/1.19.5/apps/my-app/esp8266/build_contexts/build_ctx_101391896/build/objs/mgos_vfs_fs_spiffs.c.o
  CC    /mongoose-os/common/cs_crc32.c -> /fwbuild-volumes/1.19.5/apps/my-app/esp8266/build_contexts/build_ctx_101391896/build/objs/cs_crc32.c.o
  CC    /mongoose-os/common/platforms/esp8266/rboot/rboot/appcode/rboot-bigflash.c -> /fwbuild-volumes/1.19.5/apps/my-app/esp8266/build_contexts/build_ctx_101391896/build/objs/rboot-bigflash.c.o
  CC    /mongoose-os/common/platforms/esp8266/rboot/rboot/appcode/rboot-api.c -> /fwbuild-volumes/1.19.5/apps/my-app/esp8266/build_contexts/build_ctx_101391896/build/objs/rboot-api.c.o
  CC    /mongoose-os/common/json_utils.c -> /fwbuild-volumes/1.19.5/apps/my-app/esp8266/build_contexts/build_ctx_101391896/build/objs/json_utils.c.o
  CC    /mongoose-os/common/umm_malloc/umm_malloc.c -> /fwbuild-volumes/1.19.5/apps/my-app/esp8266/build_contexts/build_ctx_101391896/build/objs/umm_malloc.c.o
  CC    /mongoose-os/mongoose/mongoose.c -> /fwbuild-volumes/1.19.5/apps/my-app/esp8266/build_contexts/build_ctx_101391896/build/objs/mongoose.c.o
  CC    /mongoose-os/frozen/frozen.c -> /fwbuild-volumes/1.19.5/apps/my-app/esp8266/build_contexts/build_ctx_101391896/build/objs/frozen.c.o
  CC    /mongoose-os/fw/platforms/esp8266/src/esp_config.c -> /fwbuild-volumes/1.19.5/apps/my-app/esp8266/build_contexts/build_ctx_101391896/build/objs/esp_config.c.o
  CC    /mongoose-os/fw/platforms/esp8266/src/esp_coredump.c -> /fwbuild-volumes/1.19.5/apps/my-app/esp8266/build_contexts/build_ctx_101391896/build/objs/esp_coredump.c.o
  CC    /mongoose-os/fw/platforms/esp8266/src/esp_debug.c -> /fwbuild-volumes/1.19.5/apps/my-app/esp8266/build_contexts/build_ctx_101391896/build/objs/esp_debug.c.o
  CC    /mongoose-os/fw/platforms/esp8266/src/esp_exc.c -> /fwbuild-volumes/1.19.5/apps/my-app/esp8266/build_contexts/build_ctx_101391896/build/objs/esp_exc.c.o
  CC    /mongoose-os/fw/platforms/esp8266/src/esp_flash_writer.c -> /fwbuild-volumes/1.19.5/apps/my-app/esp8266/build_contexts/build_ctx_101391896/build/objs/esp_flash_writer.c.o
  CC    /mongoose-os/fw/platforms/esp8266/src/esp_fs.c -> /fwbuild-volumes/1.19.5/apps/my-app/esp8266/build_contexts/build_ctx_101391896/build/objs/esp_fs.c.o
  CC    /mongoose-os/fw/platforms/esp8266/src/esp_gpio.c -> /fwbuild-volumes/1.19.5/apps/my-app/esp8266/build_contexts/build_ctx_101391896/build/objs/esp_gpio.c.o
  CC    /mongoose-os/fw/platforms/esp8266/src/esp_hal.c -> /fwbuild-volumes/1.19.5/apps/my-app/esp8266/build_contexts/build_ctx_101391896/build/objs/esp_hal.c.o
  CC    ./src/core/def.c -> /fwbuild-volumes/1.19.5/apps/my-app/esp8266/build_contexts/build_ctx_101391896/build/objs/lwip/def.o
  CC    /mongoose-os/fw/platforms/esp8266/src/esp_heap_trace.c -> /fwbuild-volumes/1.19.5/apps/my-app/esp8266/build_contexts/build_ctx_101391896/build/objs/esp_heap_trace.c.o
  CC    ./src/core/netif.c -> /fwbuild-volumes/1.19.5/apps/my-app/esp8266/build_contexts/build_ctx_101391896/build/objs/lwip/netif.o
  CC    /mongoose-os/fw/platforms/esp8266/src/esp_hw_timers.c -> /fwbuild-volumes/1.19.5/apps/my-app/esp8266/build_contexts/build_ctx_101391896/build/objs/esp_hw_timers.c.o
  CC    /mongoose-os/fw/platforms/esp8266/src/esp_hw_wdt.c -> /fwbuild-volumes/1.19.5/apps/my-app/esp8266/build_contexts/build_ctx_101391896/build/objs/esp_hw_wdt.c.o
  CC    /mongoose-os/fw/platforms/esp8266/src/esp_libc.c -> /fwbuild-volumes/1.19.5/apps/my-app/esp8266/build_contexts/build_ctx_101391896/build/objs/esp_libc.c.o
  CC    /mongoose-os/fw/platforms/esp8266/src/esp_main.c -> /fwbuild-volumes/1.19.5/apps/my-app/esp8266/build_contexts/build_ctx_101391896/build/objs/esp_main.c.o
  CC    /mongoose-os/fw/platforms/esp8266/src/esp_mdns.c -> /fwbuild-volumes/1.19.5/apps/my-app/esp8266/build_contexts/build_ctx_101391896/build/objs/esp_mdns.c.o
  CC    /mongoose-os/fw/platforms/esp8266/src/esp_periph.c -> /fwbuild-volumes/1.19.5/apps/my-app/esp8266/build_contexts/build_ctx_101391896/build/objs/esp_periph.c.o
  CC    /mongoose-os/fw/platforms/esp8266/src/esp_uart.c -> /fwbuild-volumes/1.19.5/apps/my-app/esp8266/build_contexts/build_ctx_101391896/build/objs/esp_uart.c.o
  CC    /mongoose-os/fw/platforms/esp8266/src/esp_updater.c -> /fwbuild-volumes/1.19.5/apps/my-app/esp8266/build_contexts/build_ctx_101391896/build/objs/esp_updater.c.o
  CC    /mongoose-os/fw/platforms/esp8266/src/esp_vfs_dev_sysflash.c -> /fwbuild-volumes/1.19.5/apps/my-app/esp8266/build_contexts/build_ctx_101391896/build/objs/esp_vfs_dev_sysflash.c.o
  CC    ./src/core/stats.c -> /fwbuild-volumes/1.19.5/apps/my-app/esp8266/build_contexts/build_ctx_101391896/build/objs/lwip/stats.o
  CC    ./src/core/timers.c -> /fwbuild-volumes/1.19.5/apps/my-app/esp8266/build_contexts/build_ctx_101391896/build/objs/lwip/timers.o
  CC    /mongoose-os/common/spiffs/spiffs_cache.c -> /fwbuild-volumes/1.19.5/apps/my-app/esp8266/build_contexts/build_ctx_101391896/build/objs/spiffs_cache.c.o
  CC    /mongoose-os/common/spiffs/spiffs_gc.c -> /fwbuild-volumes/1.19.5/apps/my-app/esp8266/build_contexts/build_ctx_101391896/build/objs/spiffs_gc.c.o
  CC    /mongoose-os/common/spiffs/spiffs_nucleus.c -> /fwbuild-volumes/1.19.5/apps/my-app/esp8266/build_contexts/build_ctx_101391896/build/objs/spiffs_nucleus.c.o
  CC    /mongoose-os/common/spiffs/spiffs_check.c -> /fwbuild-volumes/1.19.5/apps/my-app/esp8266/build_contexts/build_ctx_101391896/build/objs/spiffs_check.c.o
  CC    /mongoose-os/common/spiffs/spiffs_hydrogen.c -> /fwbuild-volumes/1.19.5/apps/my-app/esp8266/build_contexts/build_ctx_101391896/build/objs/spiffs_hydrogen.c.o
  CC    /mongoose-os/common/platforms/esp8266/esp_crypto.c -> /fwbuild-volumes/1.19.5/apps/my-app/esp8266/build_contexts/build_ctx_101391896/build/objs/esp_crypto.c.o
  CC    /mongoose-os/common/platforms/esp8266/esp_umm_malloc.c -> /fwbuild-volumes/1.19.5/apps/my-app/esp8266/build_contexts/build_ctx_101391896/build/objs/esp_umm_malloc.c.o
  CC    /mongoose-os/fw/src/mgos_debug.c -> /fwbuild-volumes/1.19.5/apps/my-app/esp8266/build_contexts/build_ctx_101391896/build/objs/mgos_debug.c.o
  CC    ./src/core/pbuf.c -> /fwbuild-volumes/1.19.5/apps/my-app/esp8266/build_contexts/build_ctx_101391896/build/objs/lwip/pbuf.o
  CC    /mongoose-os/fw/src/mgos_net.c -> /fwbuild-volumes/1.19.5/apps/my-app/esp8266/build_contexts/build_ctx_101391896/build/objs/mgos_net.c.o
  CC    /mongoose-os/fw/src/mgos_bitbang.c -> /fwbuild-volumes/1.19.5/apps/my-app/esp8266/build_contexts/build_ctx_101391896/build/objs/mgos_bitbang.c.o
  CC    /mongoose-os/fw/src/mgos_sntp.c -> /fwbuild-volumes/1.19.5/apps/my-app/esp8266/build_contexts/build_ctx_101391896/build/objs/mgos_sntp.c.o
  CC    ./src/core/udp.c -> /fwbuild-volumes/1.19.5/apps/my-app/esp8266/build_contexts/build_ctx_101391896/build/objs/lwip/udp.o
  CC    /mongoose-os/fw/platforms/esp8266/src/esp_exc_non_os.c -> /fwbuild-volumes/1.19.5/apps/my-app/esp8266/build_contexts/build_ctx_101391896/build/objs/esp_exc_non_os.c.o
  CP    /fwbuild-volumes/1.19.5/apps/my-app/esp8266/build_contexts/build_ctx_101391896/libs/ca-bundle/fs/ca.pem -> build/fs
  CP    /fwbuild-volumes/1.19.5/apps/my-app/esp8266/build_contexts/build_ctx_101391896/fs/index.html -> build/fs
  CP    /fwbuild-volumes/1.19.5/apps/my-app/esp8266/build_contexts/build_ctx_101391896/build/gen/conf0.json -> build/fs
  CP    /fwbuild-volumes/1.19.5/apps/my-app/esp8266/build_contexts/build_ctx_101391896/build/gen/mgos_config_schema.json -> build/fs
  AS    /mongoose-os/fw/platforms/esp8266/src/esp_nsleep100.S -> /fwbuild-volumes/1.19.5/apps/my-app/esp8266/build_contexts/build_ctx_101391896/build/objs/esp_nsleep100.S.o
  AS    /mongoose-os/fw/platforms/esp8266/src/esp_exc_vectors.S -> /fwbuild-volumes/1.19.5/apps/my-app/esp8266/build_contexts/build_ctx_101391896/build/objs/esp_exc_vectors.S.o
  CP    /fwbuild-volumes/1.19.5/apps/my-app/esp8266/build_contexts/build_ctx_101391896/build/gen/mgos_ro_vars_schema.json -> build/fs
CC rboot-stage2a.c
  MKFS  /usr/local/bin/mkspiffs8 262144 4096 256 4096 build/fs -> /fwbuild-volumes/1.19.5/apps/my-app/esp8266/build_contexts/build_ctx_101391896/build/objs/fw_temp/fs.bin
     Adding ca.pem: 14308
     Adding conf0.json: 1922
     Adding mgos_config_schema.json: 5437
     Adding index.html: 70
     Adding mgos_ro_vars_schema.json: 332
     Image stats: size=262144, space: total=233681, used=24096, free=209585
  CC    ./src/core/tcp_out.c -> /fwbuild-volumes/1.19.5/apps/my-app/esp8266/build_contexts/build_ctx_101391896/build/objs/lwip/tcp_out.o
LD /fwbuild-volumes/1.19.5/apps/my-app/esp8266/build_contexts/build_ctx_101391896/build/objs/rboot/rboot-stage2a.elf
E2 /fwbuild-volumes/1.19.5/apps/my-app/esp8266/build_contexts/build_ctx_101391896/build/gen/rboot-hex2a.h
CC rboot.c
  CC    ./src/core/ipv4/ip_frag.c -> /fwbuild-volumes/1.19.5/apps/my-app/esp8266/build_contexts/build_ctx_101391896/build/objs/lwip/ip_frag.o
LD /fwbuild-volumes/1.19.5/apps/my-app/esp8266/build_contexts/build_ctx_101391896/build/objs/rboot/rboot.elf
  CC    ./src/core/ipv4/inet.c -> /fwbuild-volumes/1.19.5/apps/my-app/esp8266/build_contexts/build_ctx_101391896/build/objs/lwip/inet.o
E2 /fwbuild-volumes/1.19.5/apps/my-app/esp8266/build_contexts/build_ctx_101391896/build/objs/rboot/rboot.bin
  CC    ./src/core/ipv4/ip_addr.c -> /fwbuild-volumes/1.19.5/apps/my-app/esp8266/build_contexts/build_ctx_101391896/build/objs/lwip/ip_addr.o
  CC    ./src/core/ipv4/igmp.c -> /fwbuild-volumes/1.19.5/apps/my-app/esp8266/build_contexts/build_ctx_101391896/build/objs/lwip/igmp.o
  CC    ./src/core/ipv4/ip.c -> /fwbuild-volumes/1.19.5/apps/my-app/esp8266/build_contexts/build_ctx_101391896/build/objs/lwip/ip.o
  CC    ./src/core/ipv4/autoip.c -> /fwbuild-volumes/1.19.5/apps/my-app/esp8266/build_contexts/build_ctx_101391896/build/objs/lwip/autoip.o
  CC    ./src/core/ipv4/inet_chksum.c -> /fwbuild-volumes/1.19.5/apps/my-app/esp8266/build_contexts/build_ctx_101391896/build/objs/lwip/inet_chksum.o
  CC    ./src/core/ipv4/icmp.c -> /fwbuild-volumes/1.19.5/apps/my-app/esp8266/build_contexts/build_ctx_101391896/build/objs/lwip/icmp.o
  CC    ./src/api/netdb.c -> /fwbuild-volumes/1.19.5/apps/my-app/esp8266/build_contexts/build_ctx_101391896/build/objs/lwip/netdb.o
  CC    ./src/api/api_lib.c -> /fwbuild-volumes/1.19.5/apps/my-app/esp8266/build_contexts/build_ctx_101391896/build/objs/lwip/api_lib.o
  CC    ./src/api/netifapi.c -> /fwbuild-volumes/1.19.5/apps/my-app/esp8266/build_contexts/build_ctx_101391896/build/objs/lwip/netifapi.o
  CC    ./src/api/tcpip.c -> /fwbuild-volumes/1.19.5/apps/my-app/esp8266/build_contexts/build_ctx_101391896/build/objs/lwip/tcpip.o
  CC    ./src/api/netbuf.c -> /fwbuild-volumes/1.19.5/apps/my-app/esp8266/build_contexts/build_ctx_101391896/build/objs/lwip/netbuf.o
  CC    ./src/api/err.c -> /fwbuild-volumes/1.19.5/apps/my-app/esp8266/build_contexts/build_ctx_101391896/build/objs/lwip/err.o
  CC    ./src/api/api_msg.c -> /fwbuild-volumes/1.19.5/apps/my-app/esp8266/build_contexts/build_ctx_101391896/build/objs/lwip/api_msg.o
  CC    ./src/api/sockets.c -> /fwbuild-volumes/1.19.5/apps/my-app/esp8266/build_contexts/build_ctx_101391896/build/objs/lwip/sockets.o
  CC    ./espressif/app/espconn.c -> /fwbuild-volumes/1.19.5/apps/my-app/esp8266/build_contexts/build_ctx_101391896/build/objs/lwip/espconn.o
  CC    ./espressif/app/espconn_buf.c -> /fwbuild-volumes/1.19.5/apps/my-app/esp8266/build_contexts/build_ctx_101391896/build/objs/lwip/espconn_buf.o
  CC    ./espressif/app/netio.c -> /fwbuild-volumes/1.19.5/apps/my-app/esp8266/build_contexts/build_ctx_101391896/build/objs/lwip/netio.o
  CC    ./espressif/app/espconn_tcp.c -> /fwbuild-volumes/1.19.5/apps/my-app/esp8266/build_contexts/build_ctx_101391896/build/objs/lwip/espconn_tcp.o
  CC    ./espressif/app/ping.c -> /fwbuild-volumes/1.19.5/apps/my-app/esp8266/build_contexts/build_ctx_101391896/build/objs/lwip/ping.o
  CC    ./espressif/app/dhcpserver.c -> /fwbuild-volumes/1.19.5/apps/my-app/esp8266/build_contexts/build_ctx_101391896/build/objs/lwip/dhcpserver.o
  CC    ./espressif/app/espconn_mdns.c -> /fwbuild-volumes/1.19.5/apps/my-app/esp8266/build_contexts/build_ctx_101391896/build/objs/lwip/espconn_mdns.o
  CC    ./espressif/app/espconn_udp.c -> /fwbuild-volumes/1.19.5/apps/my-app/esp8266/build_contexts/build_ctx_101391896/build/objs/lwip/espconn_udp.o
  AR /fwbuild-volumes/1.19.5/apps/my-app/esp8266/build_contexts/build_ctx_101391896/build/objs/lwip/liblwip_cs.a
make[1]: Leaving directory '/mongoose-os/common/platforms/esp8266/lwip'
  GEN   /fwbuild-volumes/1.19.5/apps/my-app/esp8266/build_contexts/build_ctx_101391896/build/gen/build_info.c
  GEN   /fwbuild-volumes/1.19.5/apps/my-app/esp8266/build_contexts/build_ctx_101391896/build/gen/mg_build_info.c
  AR    /fwbuild-volumes/1.19.5/apps/my-app/esp8266/build_contexts/build_ctx_101391896/build/objs/mongoose-os.a
  CC    /fwbuild-volumes/1.19.5/apps/my-app/esp8266/build_contexts/build_ctx_101391896/build/gen/build_info.c -> /fwbuild-volumes/1.19.5/apps/my-app/esp8266/build_contexts/build_ctx_101391896/build/objs/build_info.c.o
  CC    /fwbuild-volumes/1.19.5/apps/my-app/esp8266/build_contexts/build_ctx_101391896/build/gen/mg_build_info.c -> /fwbuild-volumes/1.19.5/apps/my-app/esp8266/build_contexts/build_ctx_101391896/build/objs/mg_build_info.c.o
  LD    /fwbuild-volumes/1.19.5/apps/my-app/esp8266/build_contexts/build_ctx_101391896/build/objs/my-app.elf
  FW    /fwbuild-volumes/1.19.5/apps/my-app/esp8266/build_contexts/build_ctx_101391896/build/objs/my-app.elf -> /fwbuild-volumes/1.19.5/apps/my-app/esp8266/build_contexts/build_ctx_101391896/build/objs/my-app.bin
  Generating breakdown
  GEN    /fwbuild-volumes/1.19.5/apps/my-app/esp8266/build_contexts/build_ctx_101391896/build/objs/fw_temp/manifest.json
  ZIP    /app/build/fw/my-app-esp8266-last.zip
     Adding /fwbuild-volumes/1.19.5/apps/my-app/esp8266/build_contexts/build_ctx_101391896/build/objs/fw_temp/esp_init_data_default.bin
     Adding /fwbuild-volumes/1.19.5/apps/my-app/esp8266/build_contexts/build_ctx_101391896/build/objs/fw_temp/fs.bin
     Adding /fwbuild-volumes/1.19.5/apps/my-app/esp8266/build_contexts/build_ctx_101391896/build/objs/fw_temp/my-app.bin
     Adding /fwbuild-volumes/1.19.5/apps/my-app/esp8266/build_contexts/build_ctx_101391896/build/objs/fw_temp/rboot.bin
  Built my-app/esp8266 version 1.0 (20171102-000717/???)
make: Leaving directory '/app'
Success, built my-app/esp8266 version 1.0 (20171102-000717/???).
Firmware saved to build/fw.zip
