Handling lib "rpc-uart"...
The --lib flag was not given for it, checking repository
Handling lib "rpc-service-fs"...
The --lib flag was not given for it, checking repository
Handling lib "rpc-service-config"...
The --lib flag was not given for it, checking repository
Handling lib "wifi"...
The --lib flag was not given for it, checking repository
Handling lib "mqtt"...
The --lib flag was not given for it, checking repository
Prebuilt binary for https://github.com/mongoose-os-libs/rpc-uart already exists
Prepared local dir: "/fwbuild-volumes/1.19.6/apps/mqttClient/esp8266/build_contexts/build_ctx_500054638/libs/rpc-uart"
Prebuilt binary for https://github.com/mongoose-os-libs/mqtt already exists
Prepared local dir: "/fwbuild-volumes/1.19.6/apps/mqttClient/esp8266/build_contexts/build_ctx_500054638/libs/mqtt"
Prebuilt binary for https://github.com/mongoose-os-libs/rpc-service-config already exists
Prepared local dir: "/fwbuild-volumes/1.19.6/apps/mqttClient/esp8266/build_contexts/build_ctx_500054638/libs/rpc-service-config"
Handling lib "rpc-common"...
The --lib flag was not given for it, checking repository
Lib "rpc-common" is already handled, skipping
Prebuilt binary for https://github.com/mongoose-os-libs/rpc-service-fs already exists
Prepared local dir: "/fwbuild-volumes/1.19.6/apps/mqttClient/esp8266/build_contexts/build_ctx_500054638/libs/rpc-service-fs"
Lib "rpc-common" is already handled, skipping
Failed to fetched prebuilt binary for https://github.com/mongoose-os-libs/wifi: Got 404 status code
Prepared local dir: "/fwbuild-volumes/1.19.6/apps/mqttClient/esp8266/build_contexts/build_ctx_500054638/libs/wifi"
Failed to fetched prebuilt binary for https://github.com/mongoose-os-libs/rpc-common: Got 404 status code
Prepared local dir: "/fwbuild-volumes/1.19.6/apps/mqttClient/esp8266/build_contexts/build_ctx_500054638/libs/rpc-common"
Lib "http-server" is optional, skipping
The flag --repo is not given, going to use mongoose-os repository
Sources: [/fwbuild-volumes/1.19.6/apps/mqttClient/esp8266/build_contexts/build_ctx_500054638/src/main.c /fwbuild-volumes/1.19.6/apps/mqttClient/esp8266/build_contexts/build_ctx_500054638/build/gen/deps_init.c /fwbuild-volumes/1.19.6/apps/mqttClient/esp8266/build_contexts/build_ctx_500054638/libs/mqtt/src/mgos_mqtt.c /fwbuild-volumes/1.19.6/apps/mqttClient/esp8266/build_contexts/build_ctx_500054638/libs/rpc-common/src/mg_rpc/mg_rpc.c /fwbuild-volumes/1.19.6/apps/mqttClient/esp8266/build_contexts/build_ctx_500054638/libs/rpc-common/src/mg_rpc/mg_rpc_channel_http.c /fwbuild-volumes/1.19.6/apps/mqttClient/esp8266/build_contexts/build_ctx_500054638/libs/rpc-common/src/mg_rpc/mg_rpc_channel_tcp_common.c /fwbuild-volumes/1.19.6/apps/mqttClient/esp8266/build_contexts/build_ctx_500054638/libs/rpc-common/src/mg_rpc/mg_rpc_channel_ws.c /fwbuild-volumes/1.19.6/apps/mqttClient/esp8266/build_contexts/build_ctx_500054638/libs/rpc-common/src/mgos_rpc.c /fwbuild-volumes/1.19.6/apps/mqttClient/esp8266/build_contexts/build_ctx_500054638/libs/rpc-service-config/src/mgos_service_config.c /fwbuild-volumes/1.19.6/apps/mqttClient/esp8266/build_contexts/build_ctx_500054638/libs/rpc-service-fs/src/mgos_service_filesystem.c /fwbuild-volumes/1.19.6/apps/mqttClient/esp8266/build_contexts/build_ctx_500054638/libs/rpc-uart/src/mgos_rpc_channel_uart.c /fwbuild-volumes/1.19.6/apps/mqttClient/esp8266/build_contexts/build_ctx_500054638/libs/wifi/src/mgos_wifi.c /fwbuild-volumes/1.19.6/apps/mqttClient/esp8266/build_contexts/build_ctx_500054638/libs/wifi/src/mjs_wifi.c /fwbuild-volumes/1.19.6/apps/mqttClient/esp8266/build_contexts/build_ctx_500054638/libs/wifi/esp8266/src/esp_wifi.c]
Include dirs: [/fwbuild-volumes/1.19.6/apps/mqttClient/esp8266/build_contexts/build_ctx_500054638/libs/mqtt/include /fwbuild-volumes/1.19.6/apps/mqttClient/esp8266/build_contexts/build_ctx_500054638/libs/rpc-common/include/mg_rpc /fwbuild-volumes/1.19.6/apps/mqttClient/esp8266/build_contexts/build_ctx_500054638/libs/rpc-common/include /fwbuild-volumes/1.19.6/apps/mqttClient/esp8266/build_contexts/build_ctx_500054638/libs/rpc-service-config/include /fwbuild-volumes/1.19.6/apps/mqttClient/esp8266/build_contexts/build_ctx_500054638/libs/rpc-service-fs/include /fwbuild-volumes/1.19.6/apps/mqttClient/esp8266/build_contexts/build_ctx_500054638/libs/rpc-uart/include /fwbuild-volumes/1.19.6/apps/mqttClient/esp8266/build_contexts/build_ctx_500054638/libs/wifi/include]
Binary libs: []
Building...
mount from "/fwbuild-volumes/1.19.6/apps/mqttClient/esp8266/build_contexts/build_ctx_500054638" to "/app"
mount from "/fwbuild-volumes/1.19.6/apps/mqttClient/esp8266/build_contexts/build_ctx_500054638/modules/mongoose-os-1.19.6" to "/mongoose-os"
mount from "/fwbuild-volumes/1.19.6/apps/mqttClient/esp8266/build_contexts/build_ctx_500054638/modules/mongoose-os-1.19.6" to "/fwbuild-volumes/1.19.6/apps/mqttClient/esp8266/build_contexts/build_ctx_500054638/modules/mongoose-os-1.19.6"
mount from "/fwbuild-volumes/1.19.6/apps/mqttClient/esp8266/build_contexts/build_ctx_500054638/build" to "/fwbuild-volumes/1.19.6/apps/mqttClient/esp8266/build_contexts/build_ctx_500054638/build"
mount from "/fwbuild-volumes/1.19.6/apps/mqttClient/esp8266/build_contexts/build_ctx_500054638/src" to "/fwbuild-volumes/1.19.6/apps/mqttClient/esp8266/build_contexts/build_ctx_500054638/src"
mount from "/fwbuild-volumes/1.19.6/apps/mqttClient/esp8266/build_contexts/build_ctx_500054638/build/gen" to "/fwbuild-volumes/1.19.6/apps/mqttClient/esp8266/build_contexts/build_ctx_500054638/build/gen"
mount from "/fwbuild-volumes/1.19.6/apps/mqttClient/esp8266/build_contexts/build_ctx_500054638/libs/mqtt/src" to "/fwbuild-volumes/1.19.6/apps/mqttClient/esp8266/build_contexts/build_ctx_500054638/libs/mqtt/src"
mount from "/fwbuild-volumes/1.19.6/apps/mqttClient/esp8266/build_contexts/build_ctx_500054638/libs/rpc-common/src/mg_rpc" to "/fwbuild-volumes/1.19.6/apps/mqttClient/esp8266/build_contexts/build_ctx_500054638/libs/rpc-common/src/mg_rpc"
mount from "/fwbuild-volumes/1.19.6/apps/mqttClient/esp8266/build_contexts/build_ctx_500054638/libs/rpc-common/src" to "/fwbuild-volumes/1.19.6/apps/mqttClient/esp8266/build_contexts/build_ctx_500054638/libs/rpc-common/src"
mount from "/fwbuild-volumes/1.19.6/apps/mqttClient/esp8266/build_contexts/build_ctx_500054638/libs/rpc-service-config/src" to "/fwbuild-volumes/1.19.6/apps/mqttClient/esp8266/build_contexts/build_ctx_500054638/libs/rpc-service-config/src"
mount from "/fwbuild-volumes/1.19.6/apps/mqttClient/esp8266/build_contexts/build_ctx_500054638/libs/rpc-service-fs/src" to "/fwbuild-volumes/1.19.6/apps/mqttClient/esp8266/build_contexts/build_ctx_500054638/libs/rpc-service-fs/src"
mount from "/fwbuild-volumes/1.19.6/apps/mqttClient/esp8266/build_contexts/build_ctx_500054638/libs/rpc-uart/src" to "/fwbuild-volumes/1.19.6/apps/mqttClient/esp8266/build_contexts/build_ctx_500054638/libs/rpc-uart/src"
mount from "/fwbuild-volumes/1.19.6/apps/mqttClient/esp8266/build_contexts/build_ctx_500054638/libs/wifi/src" to "/fwbuild-volumes/1.19.6/apps/mqttClient/esp8266/build_contexts/build_ctx_500054638/libs/wifi/src"
mount from "/fwbuild-volumes/1.19.6/apps/mqttClient/esp8266/build_contexts/build_ctx_500054638/libs/wifi/esp8266/src" to "/fwbuild-volumes/1.19.6/apps/mqttClient/esp8266/build_contexts/build_ctx_500054638/libs/wifi/esp8266/src"
mount from "/fwbuild-volumes/1.19.6/apps/mqttClient/esp8266/build_contexts/build_ctx_500054638/libs/mqtt/include" to "/fwbuild-volumes/1.19.6/apps/mqttClient/esp8266/build_contexts/build_ctx_500054638/libs/mqtt/include"
mount from "/fwbuild-volumes/1.19.6/apps/mqttClient/esp8266/build_contexts/build_ctx_500054638/libs/rpc-common/include/mg_rpc" to "/fwbuild-volumes/1.19.6/apps/mqttClient/esp8266/build_contexts/build_ctx_500054638/libs/rpc-common/include/mg_rpc"
mount from "/fwbuild-volumes/1.19.6/apps/mqttClient/esp8266/build_contexts/build_ctx_500054638/libs/rpc-common/include" to "/fwbuild-volumes/1.19.6/apps/mqttClient/esp8266/build_contexts/build_ctx_500054638/libs/rpc-common/include"
mount from "/fwbuild-volumes/1.19.6/apps/mqttClient/esp8266/build_contexts/build_ctx_500054638/libs/rpc-service-config/include" to "/fwbuild-volumes/1.19.6/apps/mqttClient/esp8266/build_contexts/build_ctx_500054638/libs/rpc-service-config/include"
mount from "/fwbuild-volumes/1.19.6/apps/mqttClient/esp8266/build_contexts/build_ctx_500054638/libs/rpc-service-fs/include" to "/fwbuild-volumes/1.19.6/apps/mqttClient/esp8266/build_contexts/build_ctx_500054638/libs/rpc-service-fs/include"
mount from "/fwbuild-volumes/1.19.6/apps/mqttClient/esp8266/build_contexts/build_ctx_500054638/libs/rpc-uart/include" to "/fwbuild-volumes/1.19.6/apps/mqttClient/esp8266/build_contexts/build_ctx_500054638/libs/rpc-uart/include"
mount from "/fwbuild-volumes/1.19.6/apps/mqttClient/esp8266/build_contexts/build_ctx_500054638/libs/wifi/include" to "/fwbuild-volumes/1.19.6/apps/mqttClient/esp8266/build_contexts/build_ctx_500054638/libs/wifi/include"
mount from "/fwbuild-volumes/1.19.6/apps/mqttClient/esp8266/build_contexts/build_ctx_500054638/fs" to "/fwbuild-volumes/1.19.6/apps/mqttClient/esp8266/build_contexts/build_ctx_500054638/fs"
mount from "/fwbuild-volumes/1.19.6/apps/mqttClient/esp8266/build_contexts/build_ctx_500054638/build/gen" to "/fwbuild-volumes/1.19.6/apps/mqttClient/esp8266/build_contexts/build_ctx_500054638/build/gen"
Docker arguments: run --name mos_build_2017-11-09T03-15-25-00_1 --rm -i -v /fwbuild-volumes/1.19.6/apps/mqttClient/esp8266/build_contexts/build_ctx_500054638/libs/mqtt/include:/fwbuild-volumes/1.19.6/apps/mqttClient/esp8266/build_contexts/build_ctx_500054638/libs/mqtt/include -v /fwbuild-volumes/1.19.6/apps/mqttClient/esp8266/build_contexts/build_ctx_500054638/libs/rpc-common/include:/fwbuild-volumes/1.19.6/apps/mqttClient/esp8266/build_contexts/build_ctx_500054638/libs/rpc-common/include -v /fwbuild-volumes/1.19.6/apps/mqttClient/esp8266/build_contexts/build_ctx_500054638/libs/rpc-service-fs/include:/fwbuild-volumes/1.19.6/apps/mqttClient/esp8266/build_contexts/build_ctx_500054638/libs/rpc-service-fs/include -v /fwbuild-volumes/1.19.6/apps/mqttClient/esp8266/build_contexts/build_ctx_500054638/modules/mongoose-os-1.19.6:/fwbuild-volumes/1.19.6/apps/mqttClient/esp8266/build_contexts/build_ctx_500054638/modules/mongoose-os-1.19.6 -v /fwbuild-volumes/1.19.6/apps/mqttClient/esp8266/build_contexts/build_ctx_500054638/build:/fwbuild-volumes/1.19.6/apps/mqttClient/esp8266/build_contexts/build_ctx_500054638/build -v /fwbuild-volumes/1.19.6/apps/mqttClient/esp8266/build_contexts/build_ctx_500054638/libs/rpc-common/src/mg_rpc:/fwbuild-volumes/1.19.6/apps/mqttClient/esp8266/build_contexts/build_ctx_500054638/libs/rpc-common/src/mg_rpc -v /fwbuild-volumes/1.19.6/apps/mqttClient/esp8266/build_contexts/build_ctx_500054638/libs/rpc-common/src:/fwbuild-volumes/1.19.6/apps/mqttClient/esp8266/build_contexts/build_ctx_500054638/libs/rpc-common/src -v /fwbuild-volumes/1.19.6/apps/mqttClient/esp8266/build_contexts/build_ctx_500054638/libs/wifi/src:/fwbuild-volumes/1.19.6/apps/mqttClient/esp8266/build_contexts/build_ctx_500054638/libs/wifi/src -v /fwbuild-volumes/1.19.6/apps/mqttClient/esp8266/build_contexts/build_ctx_500054638/fs:/fwbuild-volumes/1.19.6/apps/mqttClient/esp8266/build_contexts/build_ctx_500054638/fs -v /fwbuild-volumes/1.19.6/apps/mqttClient/esp8266/build_contexts/build_ctx_500054638/modules/mongoose-os-1.19.6:/mongoose-os -v /fwbuild-volumes/1.19.6/apps/mqttClient/esp8266/build_contexts/build_ctx_500054638/libs/rpc-service-config/src:/fwbuild-volumes/1.19.6/apps/mqttClient/esp8266/build_contexts/build_ctx_500054638/libs/rpc-service-config/src -v /fwbuild-volumes/1.19.6/apps/mqttClient/esp8266/build_contexts/build_ctx_500054638/libs/rpc-uart/src:/fwbuild-volumes/1.19.6/apps/mqttClient/esp8266/build_contexts/build_ctx_500054638/libs/rpc-uart/src -v /fwbuild-volumes/1.19.6/apps/mqttClient/esp8266/build_contexts/build_ctx_500054638/libs/rpc-uart/include:/fwbuild-volumes/1.19.6/apps/mqttClient/esp8266/build_contexts/build_ctx_500054638/libs/rpc-uart/include -v /fwbuild-volumes/1.19.6/apps/mqttClient/esp8266/build_contexts/build_ctx_500054638/libs/wifi/include:/fwbuild-volumes/1.19.6/apps/mqttClient/esp8266/build_contexts/build_ctx_500054638/libs/wifi/include -v /fwbuild-volumes/1.19.6/apps/mqttClient/esp8266/build_contexts/build_ctx_500054638/build/gen:/fwbuild-volumes/1.19.6/apps/mqttClient/esp8266/build_contexts/build_ctx_500054638/build/gen -v /fwbuild-volumes/1.19.6/apps/mqttClient/esp8266/build_contexts/build_ctx_500054638/libs/mqtt/src:/fwbuild-volumes/1.19.6/apps/mqttClient/esp8266/build_contexts/build_ctx_500054638/libs/mqtt/src -v /fwbuild-volumes/1.19.6/apps/mqttClient/esp8266/build_contexts/build_ctx_500054638/libs/wifi/esp8266/src:/fwbuild-volumes/1.19.6/apps/mqttClient/esp8266/build_contexts/build_ctx_500054638/libs/wifi/esp8266/src -v /fwbuild-volumes/1.19.6/apps/mqttClient/esp8266/build_contexts/build_ctx_500054638:/app -v /fwbuild-volumes/1.19.6/apps/mqttClient/esp8266/build_contexts/build_ctx_500054638/src:/fwbuild-volumes/1.19.6/apps/mqttClient/esp8266/build_contexts/build_ctx_500054638/src -v /fwbuild-volumes/1.19.6/apps/mqttClient/esp8266/build_contexts/build_ctx_500054638/libs/rpc-service-fs/src:/fwbuild-volumes/1.19.6/apps/mqttClient/esp8266/build_contexts/build_ctx_500054638/libs/rpc-service-fs/src -v /fwbuild-volumes/1.19.6/apps/mqttClient/esp8266/build_contexts/build_ctx_500054638/libs/rpc-common/include/mg_rpc:/fwbuild-volumes/1.19.6/apps/mqttClient/esp8266/build_contexts/build_ctx_500054638/libs/rpc-common/include/mg_rpc -v /fwbuild-volumes/1.19.6/apps/mqttClient/esp8266/build_contexts/build_ctx_500054638/libs/rpc-service-config/include:/fwbuild-volumes/1.19.6/apps/mqttClient/esp8266/build_contexts/build_ctx_500054638/libs/rpc-service-config/include --user 0:0 docker.cesanta.com/esp8266-build:2.1.0-1.5.0-r7 /bin/bash -c nice make '-j' '32' '-C' '/app' '-f' '/mongoose-os/fw/platforms/esp8266/Makefile.build' 'all' 'APP_CXXFLAGS=-DMGOS_HAVE_RPC_COMMON=1 -DMGOS_ENABLE_SYS_SERVICE=1 -DMGOS_HAVE_RPC_SERVICE_CONFIG=1 -DMGOS_HAVE_RPC_SERVICE_FS=1 -DMGOS_HAVE_RPC_UART=1 -DMGOS_HAVE_WIFI=1 -DMGOS_WIFI_ENABLE_AP_STA=1 -DMG_ENABLE_MQTT=1 -DMGOS_ENABLE_RPC_CHANNEL_HTTP=1 -DMGOS_ENABLE_RPC_CHANNEL_WS=1 -DMGOS_HAVE_MQTT=1' 'PLATFORM=esp8266' 'FS_STAGING_DIR=build/fs' 'GEN_DIR=/fwbuild-volumes/1.19.6/apps/mqttClient/esp8266/build_contexts/build_ctx_500054638/build/gen' 'MGOS_HAVE_RPC_COMMON=1' 'MGOS_WIFI_ENABLE_AP_STA=1' 'MGOS_HAVE_RPC_SERVICE_CONFIG=1' 'APP_VERSION=1.0' 'APP_INCLUDES=/fwbuild-volumes/1.19.6/apps/mqttClient/esp8266/build_contexts/build_ctx_500054638/libs/mqtt/include /fwbuild-volumes/1.19.6/apps/mqttClient/esp8266/build_contexts/build_ctx_500054638/libs/rpc-common/include/mg_rpc /fwbuild-volumes/1.19.6/apps/mqttClient/esp8266/build_contexts/build_ctx_500054638/libs/rpc-common/include /fwbuild-volumes/1.19.6/apps/mqttClient/esp8266/build_contexts/build_ctx_500054638/libs/rpc-service-config/include /fwbuild-volumes/1.19.6/apps/mqttClient/esp8266/build_contexts/build_ctx_500054638/libs/rpc-service-fs/include /fwbuild-volumes/1.19.6/apps/mqttClient/esp8266/build_contexts/build_ctx_500054638/libs/rpc-uart/include /fwbuild-volumes/1.19.6/apps/mqttClient/esp8266/build_contexts/build_ctx_500054638/libs/wifi/include' 'BUILD_DIR=/fwbuild-volumes/1.19.6/apps/mqttClient/esp8266/build_contexts/build_ctx_500054638/build/objs' 'FW_DIR=build/fw' 'FFI_SYMBOLS=' 'APP_CONF_SCHEMA=/fwbuild-volumes/1.19.6/apps/mqttClient/esp8266/build_contexts/build_ctx_500054638/build/gen/mos_conf_schema.yml' 'MGOS_HAVE_RPC_UART=1' 'APP_BIN_LIBS=' 'APP_SOURCES=/fwbuild-volumes/1.19.6/apps/mqttClient/esp8266/build_contexts/build_ctx_500054638/src/main.c /fwbuild-volumes/1.19.6/apps/mqttClient/esp8266/build_contexts/build_ctx_500054638/build/gen/deps_init.c /fwbuild-volumes/1.19.6/apps/mqttClient/esp8266/build_contexts/build_ctx_500054638/libs/mqtt/src/mgos_mqtt.c /fwbuild-volumes/1.19.6/apps/mqttClient/esp8266/build_contexts/build_ctx_500054638/libs/rpc-common/src/mg_rpc/mg_rpc.c /fwbuild-volumes/1.19.6/apps/mqttClient/esp8266/build_contexts/build_ctx_500054638/libs/rpc-common/src/mg_rpc/mg_rpc_channel_http.c /fwbuild-volumes/1.19.6/apps/mqttClient/esp8266/build_contexts/build_ctx_500054638/libs/rpc-common/src/mg_rpc/mg_rpc_channel_tcp_common.c /fwbuild-volumes/1.19.6/apps/mqttClient/esp8266/build_contexts/build_ctx_500054638/libs/rpc-common/src/mg_rpc/mg_rpc_channel_ws.c /fwbuild-volumes/1.19.6/apps/mqttClient/esp8266/build_contexts/build_ctx_500054638/libs/rpc-common/src/mgos_rpc.c /fwbuild-volumes/1.19.6/apps/mqttClient/esp8266/build_contexts/build_ctx_500054638/libs/rpc-service-config/src/mgos_service_config.c /fwbuild-volumes/1.19.6/apps/mqttClient/esp8266/build_contexts/build_ctx_500054638/libs/rpc-service-fs/src/mgos_service_filesystem.c /fwbuild-volumes/1.19.6/apps/mqttClient/esp8266/build_contexts/build_ctx_500054638/libs/rpc-uart/src/mgos_rpc_channel_uart.c /fwbuild-volumes/1.19.6/apps/mqttClient/esp8266/build_contexts/build_ctx_500054638/libs/wifi/src/mgos_wifi.c /fwbuild-volumes/1.19.6/apps/mqttClient/esp8266/build_contexts/build_ctx_500054638/libs/wifi/src/mjs_wifi.c /fwbuild-volumes/1.19.6/apps/mqttClient/esp8266/build_contexts/build_ctx_500054638/libs/wifi/esp8266/src/esp_wifi.c' 'MANIFEST_FINAL=/fwbuild-volumes/1.19.6/apps/mqttClient/esp8266/build_contexts/build_ctx_500054638/build/gen/mos_final.yml' 'MGOS_PATH=/mongoose-os' 'APP=mqttClient' 'APP_FS_FILES=/fwbuild-volumes/1.19.6/apps/mqttClient/esp8266/build_contexts/build_ctx_500054638/fs/index.html' 'APP_CFLAGS=-DMGOS_ENABLE_RPC_CHANNEL_HTTP=1 -DMGOS_ENABLE_RPC_CHANNEL_WS=1 -DMGOS_HAVE_MQTT=1 -DMGOS_HAVE_WIFI=1 -DMGOS_WIFI_ENABLE_AP_STA=1 -DMG_ENABLE_MQTT=1 -DMGOS_HAVE_RPC_SERVICE_CONFIG=1 -DMGOS_HAVE_RPC_SERVICE_FS=1 -DMGOS_HAVE_RPC_UART=1 -DMGOS_HAVE_RPC_COMMON=1 -DMGOS_ENABLE_SYS_SERVICE=1' 'MGOS_HAVE_WIFI=1' 'MGOS_HAVE_MQTT=1' 'MGOS_HAVE_RPC_SERVICE_FS=1'
make: Entering directory '/app'
  CC    /fwbuild-volumes/1.19.6/apps/mqttClient/esp8266/build_contexts/build_ctx_500054638/src/main.c -> /fwbuild-volumes/1.19.6/apps/mqttClient/esp8266/build_contexts/build_ctx_500054638/build/objs/main.c.o
  GEN   /fwbuild-volumes/1.19.6/apps/mqttClient/esp8266/build_contexts/build_ctx_500054638/build/gen/build_info.c
  CC    /fwbuild-volumes/1.19.6/apps/mqttClient/esp8266/build_contexts/build_ctx_500054638/build/gen/build_info.c -> /fwbuild-volumes/1.19.6/apps/mqttClient/esp8266/build_contexts/build_ctx_500054638/build/objs/build_info.c.o
  LD    /fwbuild-volumes/1.19.6/apps/mqttClient/esp8266/build_contexts/build_ctx_500054638/build/objs/mqttClient.elf
  FW    /fwbuild-volumes/1.19.6/apps/mqttClient/esp8266/build_contexts/build_ctx_500054638/build/objs/mqttClient.elf -> /fwbuild-volumes/1.19.6/apps/mqttClient/esp8266/build_contexts/build_ctx_500054638/build/objs/mqttClient.bin
  Generating breakdown
  GEN    /fwbuild-volumes/1.19.6/apps/mqttClient/esp8266/build_contexts/build_ctx_500054638/build/objs/fw_temp/manifest.json
  ZIP    /app/build/fw/mqttClient-esp8266-last.zip
     Adding /fwbuild-volumes/1.19.6/apps/mqttClient/esp8266/build_contexts/build_ctx_500054638/build/objs/fw_temp/esp_init_data_default.bin
     Adding /fwbuild-volumes/1.19.6/apps/mqttClient/esp8266/build_contexts/build_ctx_500054638/build/objs/fw_temp/fs.bin
     Adding /fwbuild-volumes/1.19.6/apps/mqttClient/esp8266/build_contexts/build_ctx_500054638/build/objs/fw_temp/mqttClient.bin
     Adding /fwbuild-volumes/1.19.6/apps/mqttClient/esp8266/build_contexts/build_ctx_500054638/build/objs/fw_temp/rboot.bin
  Built mqttClient/esp8266 version 1.0 (20171109-031527/???)
make: Leaving directory '/app'
Success, built mqttClient/esp8266 version 1.0 (20171109-031527/???).
Firmware saved to build/fw.zip
