Handling lib "rpc-service-wifi"...
Handling lib "rpc-service-fs"...
The --lib flag was not given for it, checking repository
Handling lib "wifi"...
The --lib flag was not given for it, checking repository
The --lib flag was not given for it, checking repository
Repository "/fwbuild-volumes/latest/apps/wifi-scan/esp8266/build_contexts/build_ctx_962410113/libs/rpc-service-fs" does not exist, cloning...

Handling lib "rpc-uart"...
The --lib flag was not given for it, checking repository
Handling lib "rpc-service-config"...
The --lib flag was not given for it, checking repository
Repository "/fwbuild-volumes/latest/apps/wifi-scan/esp8266/build_contexts/build_ctx_962410113/libs/rpc-uart" is updated recently enough, don't touch it
Repository "/fwbuild-volumes/latest/apps/wifi-scan/esp8266/build_contexts/build_ctx_962410113/libs/wifi" is updated recently enough, don't touch it
Repository "/fwbuild-volumes/latest/apps/wifi-scan/esp8266/build_contexts/build_ctx_962410113/libs/rpc-service-config" is updated recently enough, don't touch it
Repository "/fwbuild-volumes/latest/apps/wifi-scan/esp8266/build_contexts/build_ctx_962410113/libs/rpc-service-wifi" is updated recently enough, don't touch it
Prebuilt binary for https://github.com/mongoose-os-libs/rpc-service-config already exists
Prepared local dir: "/fwbuild-volumes/latest/apps/wifi-scan/esp8266/build_contexts/build_ctx_962410113/libs/rpc-service-config"
Handling lib "rpc-common"...
Prebuilt binary for https://github.com/mongoose-os-libs/rpc-uart already exists
The --lib flag was not given for it, checking repository
Prepared local dir: "/fwbuild-volumes/latest/apps/wifi-scan/esp8266/build_contexts/build_ctx_962410113/libs/rpc-uart"
Prebuilt binary for https://github.com/mongoose-os-libs/rpc-service-wifi already exists
Prepared local dir: "/fwbuild-volumes/latest/apps/wifi-scan/esp8266/build_contexts/build_ctx_962410113/libs/rpc-service-wifi"
Lib "wifi" is already handled, skipping
Lib "rpc-common" is already handled, skipping
Lib "rpc-common" is already handled, skipping
Repository "/fwbuild-volumes/latest/apps/wifi-scan/esp8266/build_contexts/build_ctx_962410113/libs/rpc-common" is updated recently enough, don't touch it
Failed to fetched prebuilt binary for https://github.com/mongoose-os-libs/rpc-common: Got 404 status code
Prepared local dir: "/fwbuild-volumes/latest/apps/wifi-scan/esp8266/build_contexts/build_ctx_962410113/libs/rpc-common"
Failed to fetched prebuilt binary for https://github.com/mongoose-os-libs/wifi: Got 404 status code
Prepared local dir: "/fwbuild-volumes/latest/apps/wifi-scan/esp8266/build_contexts/build_ctx_962410113/libs/wifi"
Lib "http-server" is optional, skipping
Repository "/fwbuild-volumes/latest/apps/wifi-scan/esp8266/build_contexts/build_ctx_962410113/libs/rpc-service-fs" is updated recently enough, don't touch it
Hash is updated:  -> e6cf12c0c0b0fafe7a684d8bfcfde83c74ca3c74
Successfully fetched prebuilt binary for https://github.com/mongoose-os-libs/rpc-service-fs to /fwbuild-volumes/latest/apps/wifi-scan/esp8266/build_contexts/build_ctx_962410113/libs/rpc-service-fs/lib/esp8266/librpc-service-fs.a
Prepared local dir: "/fwbuild-volumes/latest/apps/wifi-scan/esp8266/build_contexts/build_ctx_962410113/libs/rpc-service-fs"
Lib "rpc-common" is already handled, skipping
The flag --repo is not given, going to use mongoose-os repository
Repository "/fwbuild-volumes/latest/apps/wifi-scan/esp8266/build_contexts/build_ctx_962410113/modules/mongoose-os-latest" is updated recently enough, don't touch it
Sources: [/fwbuild-volumes/latest/apps/wifi-scan/esp8266/build_contexts/build_ctx_962410113/src/main.c /fwbuild-volumes/latest/apps/wifi-scan/esp8266/build_contexts/build_ctx_962410113/build/gen/deps_init.c /fwbuild-volumes/latest/apps/wifi-scan/esp8266/build_contexts/build_ctx_962410113/libs/rpc-common/src/mg_rpc/mg_rpc.c /fwbuild-volumes/latest/apps/wifi-scan/esp8266/build_contexts/build_ctx_962410113/libs/rpc-common/src/mg_rpc/mg_rpc_channel_http.c /fwbuild-volumes/latest/apps/wifi-scan/esp8266/build_contexts/build_ctx_962410113/libs/rpc-common/src/mg_rpc/mg_rpc_channel_tcp_common.c /fwbuild-volumes/latest/apps/wifi-scan/esp8266/build_contexts/build_ctx_962410113/libs/rpc-common/src/mg_rpc/mg_rpc_channel_ws.c /fwbuild-volumes/latest/apps/wifi-scan/esp8266/build_contexts/build_ctx_962410113/libs/rpc-common/src/mgos_rpc.c /fwbuild-volumes/latest/apps/wifi-scan/esp8266/build_contexts/build_ctx_962410113/libs/rpc-service-config/src/mgos_service_config.c /fwbuild-volumes/latest/apps/wifi-scan/esp8266/build_contexts/build_ctx_962410113/libs/rpc-service-fs/src/mgos_service_filesystem.c /fwbuild-volumes/latest/apps/wifi-scan/esp8266/build_contexts/build_ctx_962410113/libs/wifi/src/mgos_wifi.c /fwbuild-volumes/latest/apps/wifi-scan/esp8266/build_contexts/build_ctx_962410113/libs/wifi/src/mjs_wifi.c /fwbuild-volumes/latest/apps/wifi-scan/esp8266/build_contexts/build_ctx_962410113/libs/wifi/esp8266/src/esp_wifi.c /fwbuild-volumes/latest/apps/wifi-scan/esp8266/build_contexts/build_ctx_962410113/libs/rpc-service-wifi/src/mgos_rpc_service_wifi.c /fwbuild-volumes/latest/apps/wifi-scan/esp8266/build_contexts/build_ctx_962410113/libs/rpc-uart/src/mgos_rpc_channel_uart.c]
Include dirs: [/fwbuild-volumes/latest/apps/wifi-scan/esp8266/build_contexts/build_ctx_962410113/libs/rpc-common/include/mg_rpc /fwbuild-volumes/latest/apps/wifi-scan/esp8266/build_contexts/build_ctx_962410113/libs/rpc-common/include /fwbuild-volumes/latest/apps/wifi-scan/esp8266/build_contexts/build_ctx_962410113/libs/rpc-service-config/include /fwbuild-volumes/latest/apps/wifi-scan/esp8266/build_contexts/build_ctx_962410113/libs/rpc-service-fs/include /fwbuild-volumes/latest/apps/wifi-scan/esp8266/build_contexts/build_ctx_962410113/libs/wifi/include /fwbuild-volumes/latest/apps/wifi-scan/esp8266/build_contexts/build_ctx_962410113/libs/rpc-uart/include]
Binary libs: []
Building...
mount from "/fwbuild-volumes/latest/apps/wifi-scan/esp8266/build_contexts/build_ctx_962410113" to "/app"
mount from "/fwbuild-volumes/latest/apps/wifi-scan/esp8266/build_contexts/build_ctx_962410113/modules/mongoose-os-latest" to "/mongoose-os"
mount from "/fwbuild-volumes/latest/apps/wifi-scan/esp8266/build_contexts/build_ctx_962410113/modules/mongoose-os-latest" to "/fwbuild-volumes/latest/apps/wifi-scan/esp8266/build_contexts/build_ctx_962410113/modules/mongoose-os-latest"
mount from "/fwbuild-volumes/latest/apps/wifi-scan/esp8266/build_contexts/build_ctx_962410113/build" to "/fwbuild-volumes/latest/apps/wifi-scan/esp8266/build_contexts/build_ctx_962410113/build"
mount from "/fwbuild-volumes/latest/apps/wifi-scan/esp8266/build_contexts/build_ctx_962410113/src" to "/fwbuild-volumes/latest/apps/wifi-scan/esp8266/build_contexts/build_ctx_962410113/src"
mount from "/fwbuild-volumes/latest/apps/wifi-scan/esp8266/build_contexts/build_ctx_962410113/build/gen" to "/fwbuild-volumes/latest/apps/wifi-scan/esp8266/build_contexts/build_ctx_962410113/build/gen"
mount from "/fwbuild-volumes/latest/apps/wifi-scan/esp8266/build_contexts/build_ctx_962410113/libs/rpc-common/src/mg_rpc" to "/fwbuild-volumes/latest/apps/wifi-scan/esp8266/build_contexts/build_ctx_962410113/libs/rpc-common/src/mg_rpc"
mount from "/fwbuild-volumes/latest/apps/wifi-scan/esp8266/build_contexts/build_ctx_962410113/libs/rpc-common/src" to "/fwbuild-volumes/latest/apps/wifi-scan/esp8266/build_contexts/build_ctx_962410113/libs/rpc-common/src"
mount from "/fwbuild-volumes/latest/apps/wifi-scan/esp8266/build_contexts/build_ctx_962410113/libs/rpc-service-config/src" to "/fwbuild-volumes/latest/apps/wifi-scan/esp8266/build_contexts/build_ctx_962410113/libs/rpc-service-config/src"
mount from "/fwbuild-volumes/latest/apps/wifi-scan/esp8266/build_contexts/build_ctx_962410113/libs/rpc-service-fs/src" to "/fwbuild-volumes/latest/apps/wifi-scan/esp8266/build_contexts/build_ctx_962410113/libs/rpc-service-fs/src"
mount from "/fwbuild-volumes/latest/apps/wifi-scan/esp8266/build_contexts/build_ctx_962410113/libs/wifi/src" to "/fwbuild-volumes/latest/apps/wifi-scan/esp8266/build_contexts/build_ctx_962410113/libs/wifi/src"
mount from "/fwbuild-volumes/latest/apps/wifi-scan/esp8266/build_contexts/build_ctx_962410113/libs/wifi/esp8266/src" to "/fwbuild-volumes/latest/apps/wifi-scan/esp8266/build_contexts/build_ctx_962410113/libs/wifi/esp8266/src"
mount from "/fwbuild-volumes/latest/apps/wifi-scan/esp8266/build_contexts/build_ctx_962410113/libs/rpc-service-wifi/src" to "/fwbuild-volumes/latest/apps/wifi-scan/esp8266/build_contexts/build_ctx_962410113/libs/rpc-service-wifi/src"
mount from "/fwbuild-volumes/latest/apps/wifi-scan/esp8266/build_contexts/build_ctx_962410113/libs/rpc-uart/src" to "/fwbuild-volumes/latest/apps/wifi-scan/esp8266/build_contexts/build_ctx_962410113/libs/rpc-uart/src"
mount from "/fwbuild-volumes/latest/apps/wifi-scan/esp8266/build_contexts/build_ctx_962410113/libs/rpc-common/include/mg_rpc" to "/fwbuild-volumes/latest/apps/wifi-scan/esp8266/build_contexts/build_ctx_962410113/libs/rpc-common/include/mg_rpc"
mount from "/fwbuild-volumes/latest/apps/wifi-scan/esp8266/build_contexts/build_ctx_962410113/libs/rpc-common/include" to "/fwbuild-volumes/latest/apps/wifi-scan/esp8266/build_contexts/build_ctx_962410113/libs/rpc-common/include"
mount from "/fwbuild-volumes/latest/apps/wifi-scan/esp8266/build_contexts/build_ctx_962410113/libs/rpc-service-config/include" to "/fwbuild-volumes/latest/apps/wifi-scan/esp8266/build_contexts/build_ctx_962410113/libs/rpc-service-config/include"
mount from "/fwbuild-volumes/latest/apps/wifi-scan/esp8266/build_contexts/build_ctx_962410113/libs/rpc-service-fs/include" to "/fwbuild-volumes/latest/apps/wifi-scan/esp8266/build_contexts/build_ctx_962410113/libs/rpc-service-fs/include"
mount from "/fwbuild-volumes/latest/apps/wifi-scan/esp8266/build_contexts/build_ctx_962410113/libs/wifi/include" to "/fwbuild-volumes/latest/apps/wifi-scan/esp8266/build_contexts/build_ctx_962410113/libs/wifi/include"
mount from "/fwbuild-volumes/latest/apps/wifi-scan/esp8266/build_contexts/build_ctx_962410113/libs/rpc-uart/include" to "/fwbuild-volumes/latest/apps/wifi-scan/esp8266/build_contexts/build_ctx_962410113/libs/rpc-uart/include"
mount from "/fwbuild-volumes/latest/apps/wifi-scan/esp8266/build_contexts/build_ctx_962410113/build/gen" to "/fwbuild-volumes/latest/apps/wifi-scan/esp8266/build_contexts/build_ctx_962410113/build/gen"
Docker arguments: run --name mos_build_2017-11-04T15-22-36-00_1 --rm -i -v /fwbuild-volumes/latest/apps/wifi-scan/esp8266/build_contexts/build_ctx_962410113/src:/fwbuild-volumes/latest/apps/wifi-scan/esp8266/build_contexts/build_ctx_962410113/src -v /fwbuild-volumes/latest/apps/wifi-scan/esp8266/build_contexts/build_ctx_962410113/libs/rpc-service-config/include:/fwbuild-volumes/latest/apps/wifi-scan/esp8266/build_contexts/build_ctx_962410113/libs/rpc-service-config/include -v /fwbuild-volumes/latest/apps/wifi-scan/esp8266/build_contexts/build_ctx_962410113/libs/rpc-service-fs/include:/fwbuild-volumes/latest/apps/wifi-scan/esp8266/build_contexts/build_ctx_962410113/libs/rpc-service-fs/include -v /fwbuild-volumes/latest/apps/wifi-scan/esp8266/build_contexts/build_ctx_962410113:/app -v /fwbuild-volumes/latest/apps/wifi-scan/esp8266/build_contexts/build_ctx_962410113/build/gen:/fwbuild-volumes/latest/apps/wifi-scan/esp8266/build_contexts/build_ctx_962410113/build/gen -v /fwbuild-volumes/latest/apps/wifi-scan/esp8266/build_contexts/build_ctx_962410113/libs/rpc-service-fs/src:/fwbuild-volumes/latest/apps/wifi-scan/esp8266/build_contexts/build_ctx_962410113/libs/rpc-service-fs/src -v /fwbuild-volumes/latest/apps/wifi-scan/esp8266/build_contexts/build_ctx_962410113/libs/wifi/src:/fwbuild-volumes/latest/apps/wifi-scan/esp8266/build_contexts/build_ctx_962410113/libs/wifi/src -v /fwbuild-volumes/latest/apps/wifi-scan/esp8266/build_contexts/build_ctx_962410113/libs/wifi/esp8266/src:/fwbuild-volumes/latest/apps/wifi-scan/esp8266/build_contexts/build_ctx_962410113/libs/wifi/esp8266/src -v /fwbuild-volumes/latest/apps/wifi-scan/esp8266/build_contexts/build_ctx_962410113/libs/rpc-service-wifi/src:/fwbuild-volumes/latest/apps/wifi-scan/esp8266/build_contexts/build_ctx_962410113/libs/rpc-service-wifi/src -v /fwbuild-volumes/latest/apps/wifi-scan/esp8266/build_contexts/build_ctx_962410113/libs/rpc-common/include/mg_rpc:/fwbuild-volumes/latest/apps/wifi-scan/esp8266/build_contexts/build_ctx_962410113/libs/rpc-common/include/mg_rpc -v /fwbuild-volumes/latest/apps/wifi-scan/esp8266/build_contexts/build_ctx_962410113/modules/mongoose-os-latest:/mongoose-os -v /fwbuild-volumes/latest/apps/wifi-scan/esp8266/build_contexts/build_ctx_962410113/libs/rpc-common/src:/fwbuild-volumes/latest/apps/wifi-scan/esp8266/build_contexts/build_ctx_962410113/libs/rpc-common/src -v /fwbuild-volumes/latest/apps/wifi-scan/esp8266/build_contexts/build_ctx_962410113/libs/rpc-uart/include:/fwbuild-volumes/latest/apps/wifi-scan/esp8266/build_contexts/build_ctx_962410113/libs/rpc-uart/include -v /fwbuild-volumes/latest/apps/wifi-scan/esp8266/build_contexts/build_ctx_962410113/modules/mongoose-os-latest:/fwbuild-volumes/latest/apps/wifi-scan/esp8266/build_contexts/build_ctx_962410113/modules/mongoose-os-latest -v /fwbuild-volumes/latest/apps/wifi-scan/esp8266/build_contexts/build_ctx_962410113/build:/fwbuild-volumes/latest/apps/wifi-scan/esp8266/build_contexts/build_ctx_962410113/build -v /fwbuild-volumes/latest/apps/wifi-scan/esp8266/build_contexts/build_ctx_962410113/libs/rpc-common/src/mg_rpc:/fwbuild-volumes/latest/apps/wifi-scan/esp8266/build_contexts/build_ctx_962410113/libs/rpc-common/src/mg_rpc -v /fwbuild-volumes/latest/apps/wifi-scan/esp8266/build_contexts/build_ctx_962410113/libs/rpc-service-config/src:/fwbuild-volumes/latest/apps/wifi-scan/esp8266/build_contexts/build_ctx_962410113/libs/rpc-service-config/src -v /fwbuild-volumes/latest/apps/wifi-scan/esp8266/build_contexts/build_ctx_962410113/libs/rpc-uart/src:/fwbuild-volumes/latest/apps/wifi-scan/esp8266/build_contexts/build_ctx_962410113/libs/rpc-uart/src -v /fwbuild-volumes/latest/apps/wifi-scan/esp8266/build_contexts/build_ctx_962410113/libs/rpc-common/include:/fwbuild-volumes/latest/apps/wifi-scan/esp8266/build_contexts/build_ctx_962410113/libs/rpc-common/include -v /fwbuild-volumes/latest/apps/wifi-scan/esp8266/build_contexts/build_ctx_962410113/libs/wifi/include:/fwbuild-volumes/latest/apps/wifi-scan/esp8266/build_contexts/build_ctx_962410113/libs/wifi/include --user 0:0 docker.cesanta.com/esp8266-build:2.1.0-1.5.0-r7 /bin/bash -c nice make '-j' '32' '-C' '/app' '-f' '/mongoose-os/fw/platforms/esp8266/Makefile.build' 'all' 'PLATFORM=esp8266' 'APP_FS_FILES=' 'APP=wifi-scan' 'MANIFEST_FINAL=/fwbuild-volumes/latest/apps/wifi-scan/esp8266/build_contexts/build_ctx_962410113/build/gen/mos_final.yml' 'MGOS_HAVE_WIFI=1' 'MGOS_HAVE_RPC_SERVICE_FS=1' 'BUILD_DIR=/fwbuild-volumes/latest/apps/wifi-scan/esp8266/build_contexts/build_ctx_962410113/build/objs' 'GEN_DIR=/fwbuild-volumes/latest/apps/wifi-scan/esp8266/build_contexts/build_ctx_962410113/build/gen' 'APP_CFLAGS=-DMGOS_HAVE_RPC_UART=1 -DMGOS_HAVE_RPC_SERVICE_WIFI=1 -DMGOS_ENABLE_SYS_SERVICE=1 -DMGOS_WIFI_ENABLE_AP_STA=1 -DMGOS_HAVE_RPC_SERVICE_FS=1 -DMGOS_HAVE_WIFI=1 -DMGOS_HAVE_RPC_SERVICE_CONFIG=1 -DMGOS_ENABLE_RPC_CHANNEL_HTTP=1 -DMGOS_ENABLE_RPC_CHANNEL_WS=1 -DMGOS_HAVE_RPC_COMMON=1' 'APP_SOURCES=/fwbuild-volumes/latest/apps/wifi-scan/esp8266/build_contexts/build_ctx_962410113/src/main.c /fwbuild-volumes/latest/apps/wifi-scan/esp8266/build_contexts/build_ctx_962410113/build/gen/deps_init.c /fwbuild-volumes/latest/apps/wifi-scan/esp8266/build_contexts/build_ctx_962410113/libs/rpc-common/src/mg_rpc/mg_rpc.c /fwbuild-volumes/latest/apps/wifi-scan/esp8266/build_contexts/build_ctx_962410113/libs/rpc-common/src/mg_rpc/mg_rpc_channel_http.c /fwbuild-volumes/latest/apps/wifi-scan/esp8266/build_contexts/build_ctx_962410113/libs/rpc-common/src/mg_rpc/mg_rpc_channel_tcp_common.c /fwbuild-volumes/latest/apps/wifi-scan/esp8266/build_contexts/build_ctx_962410113/libs/rpc-common/src/mg_rpc/mg_rpc_channel_ws.c /fwbuild-volumes/latest/apps/wifi-scan/esp8266/build_contexts/build_ctx_962410113/libs/rpc-common/src/mgos_rpc.c /fwbuild-volumes/latest/apps/wifi-scan/esp8266/build_contexts/build_ctx_962410113/libs/rpc-service-config/src/mgos_service_config.c /fwbuild-volumes/latest/apps/wifi-scan/esp8266/build_contexts/build_ctx_962410113/libs/rpc-service-fs/src/mgos_service_filesystem.c /fwbuild-volumes/latest/apps/wifi-scan/esp8266/build_contexts/build_ctx_962410113/libs/wifi/src/mgos_wifi.c /fwbuild-volumes/latest/apps/wifi-scan/esp8266/build_contexts/build_ctx_962410113/libs/wifi/src/mjs_wifi.c /fwbuild-volumes/latest/apps/wifi-scan/esp8266/build_contexts/build_ctx_962410113/libs/wifi/esp8266/src/esp_wifi.c /fwbuild-volumes/latest/apps/wifi-scan/esp8266/build_contexts/build_ctx_962410113/libs/rpc-service-wifi/src/mgos_rpc_service_wifi.c /fwbuild-volumes/latest/apps/wifi-scan/esp8266/build_contexts/build_ctx_962410113/libs/rpc-uart/src/mgos_rpc_channel_uart.c' 'FFI_SYMBOLS=' 'APP_CONF_SCHEMA=/fwbuild-volumes/latest/apps/wifi-scan/esp8266/build_contexts/build_ctx_962410113/build/gen/mos_conf_schema.yml' 'APP_BIN_LIBS=' 'MGOS_PATH=/mongoose-os' 'MGOS_HAVE_RPC_COMMON=1' 'MGOS_HAVE_RPC_SERVICE_CONFIG=1' 'MGOS_HAVE_RPC_UART=1' 'MGOS_HAVE_RPC_SERVICE_WIFI=1' 'FS_STAGING_DIR=build/fs' 'FW_DIR=build/fw' 'MGOS_WIFI_ENABLE_AP_STA=1' 'APP_CXXFLAGS=-DMGOS_ENABLE_SYS_SERVICE=1 -DMGOS_WIFI_ENABLE_AP_STA=1 -DMGOS_HAVE_RPC_SERVICE_FS=1 -DMGOS_HAVE_RPC_UART=1 -DMGOS_HAVE_RPC_SERVICE_WIFI=1 -DMGOS_ENABLE_RPC_CHANNEL_HTTP=1 -DMGOS_ENABLE_RPC_CHANNEL_WS=1 -DMGOS_HAVE_RPC_COMMON=1 -DMGOS_HAVE_WIFI=1 -DMGOS_HAVE_RPC_SERVICE_CONFIG=1' 'APP_VERSION=1.0' 'APP_INCLUDES=/fwbuild-volumes/latest/apps/wifi-scan/esp8266/build_contexts/build_ctx_962410113/libs/rpc-common/include/mg_rpc /fwbuild-volumes/latest/apps/wifi-scan/esp8266/build_contexts/build_ctx_962410113/libs/rpc-common/include /fwbuild-volumes/latest/apps/wifi-scan/esp8266/build_contexts/build_ctx_962410113/libs/rpc-service-config/include /fwbuild-volumes/latest/apps/wifi-scan/esp8266/build_contexts/build_ctx_962410113/libs/rpc-service-fs/include /fwbuild-volumes/latest/apps/wifi-scan/esp8266/build_contexts/build_ctx_962410113/libs/wifi/include /fwbuild-volumes/latest/apps/wifi-scan/esp8266/build_contexts/build_ctx_962410113/libs/rpc-uart/include'
make: Entering directory '/app'
  GEN   /fwbuild-volumes/latest/apps/wifi-scan/esp8266/build_contexts/build_ctx_962410113/build/gen/mgos_config.c
  GEN   /fwbuild-volumes/latest/apps/wifi-scan/esp8266/build_contexts/build_ctx_962410113/build/gen/mgos_config_schema.json
  CC    /mongoose-os/fw/platforms/esp8266/src/esp_cache.c -> /fwbuild-volumes/latest/apps/wifi-scan/esp8266/build_contexts/build_ctx_962410113/build/objs/esp_cache.c.o
CC rboot.c
  CC    /fwbuild-volumes/latest/apps/wifi-scan/esp8266/build_contexts/build_ctx_962410113/src/main.c -> /fwbuild-volumes/latest/apps/wifi-scan/esp8266/build_contexts/build_ctx_962410113/build/objs/main.c.o
  CC    /fwbuild-volumes/latest/apps/wifi-scan/esp8266/build_contexts/build_ctx_962410113/build/gen/deps_init.c -> /fwbuild-volumes/latest/apps/wifi-scan/esp8266/build_contexts/build_ctx_962410113/build/objs/deps_init.c.o
  CC    /fwbuild-volumes/latest/apps/wifi-scan/esp8266/build_contexts/build_ctx_962410113/libs/rpc-common/src/mg_rpc/mg_rpc.c -> /fwbuild-volumes/latest/apps/wifi-scan/esp8266/build_contexts/build_ctx_962410113/build/objs/mg_rpc.c.o
  CC    /fwbuild-volumes/latest/apps/wifi-scan/esp8266/build_contexts/build_ctx_962410113/libs/rpc-common/src/mg_rpc/mg_rpc_channel_http.c -> /fwbuild-volumes/latest/apps/wifi-scan/esp8266/build_contexts/build_ctx_962410113/build/objs/mg_rpc_channel_http.c.o
  CC    /fwbuild-volumes/latest/apps/wifi-scan/esp8266/build_contexts/build_ctx_962410113/libs/rpc-common/src/mg_rpc/mg_rpc_channel_tcp_common.c -> /fwbuild-volumes/latest/apps/wifi-scan/esp8266/build_contexts/build_ctx_962410113/build/objs/mg_rpc_channel_tcp_common.c.o
  CC    /fwbuild-volumes/latest/apps/wifi-scan/esp8266/build_contexts/build_ctx_962410113/libs/rpc-common/src/mg_rpc/mg_rpc_channel_ws.c -> /fwbuild-volumes/latest/apps/wifi-scan/esp8266/build_contexts/build_ctx_962410113/build/objs/mg_rpc_channel_ws.c.o
  CC    /fwbuild-volumes/latest/apps/wifi-scan/esp8266/build_contexts/build_ctx_962410113/libs/rpc-common/src/mgos_rpc.c -> /fwbuild-volumes/latest/apps/wifi-scan/esp8266/build_contexts/build_ctx_962410113/build/objs/mgos_rpc.c.o
  CC    /fwbuild-volumes/latest/apps/wifi-scan/esp8266/build_contexts/build_ctx_962410113/libs/rpc-service-config/src/mgos_service_config.c -> /fwbuild-volumes/latest/apps/wifi-scan/esp8266/build_contexts/build_ctx_962410113/build/objs/mgos_service_config.c.o
  CC    /fwbuild-volumes/latest/apps/wifi-scan/esp8266/build_contexts/build_ctx_962410113/libs/rpc-service-fs/src/mgos_service_filesystem.c -> /fwbuild-volumes/latest/apps/wifi-scan/esp8266/build_contexts/build_ctx_962410113/build/objs/mgos_service_filesystem.c.o
  CC    /fwbuild-volumes/latest/apps/wifi-scan/esp8266/build_contexts/build_ctx_962410113/libs/wifi/src/mgos_wifi.c -> /fwbuild-volumes/latest/apps/wifi-scan/esp8266/build_contexts/build_ctx_962410113/build/objs/mgos_wifi.c.o
  CC    /fwbuild-volumes/latest/apps/wifi-scan/esp8266/build_contexts/build_ctx_962410113/libs/wifi/src/mjs_wifi.c -> /fwbuild-volumes/latest/apps/wifi-scan/esp8266/build_contexts/build_ctx_962410113/build/objs/mjs_wifi.c.o
  CC    /fwbuild-volumes/latest/apps/wifi-scan/esp8266/build_contexts/build_ctx_962410113/libs/wifi/esp8266/src/esp_wifi.c -> /fwbuild-volumes/latest/apps/wifi-scan/esp8266/build_contexts/build_ctx_962410113/build/objs/esp_wifi.c.o
  CC    /fwbuild-volumes/latest/apps/wifi-scan/esp8266/build_contexts/build_ctx_962410113/libs/rpc-service-wifi/src/mgos_rpc_service_wifi.c -> /fwbuild-volumes/latest/apps/wifi-scan/esp8266/build_contexts/build_ctx_962410113/build/objs/mgos_rpc_service_wifi.c.o
  CC    /fwbuild-volumes/latest/apps/wifi-scan/esp8266/build_contexts/build_ctx_962410113/libs/rpc-uart/src/mgos_rpc_channel_uart.c -> /fwbuild-volumes/latest/apps/wifi-scan/esp8266/build_contexts/build_ctx_962410113/build/objs/mgos_rpc_channel_uart.c.o
  CC    /fwbuild-volumes/latest/apps/wifi-scan/esp8266/build_contexts/build_ctx_962410113/build/gen/ffi_exports.c -> /fwbuild-volumes/latest/apps/wifi-scan/esp8266/build_contexts/build_ctx_962410113/build/objs/ffi_exports.c.o
  CC    /mongoose-os/common/cs_file.c -> /fwbuild-volumes/latest/apps/wifi-scan/esp8266/build_contexts/build_ctx_962410113/build/objs/cs_file.c.o
  CC    /mongoose-os/common/cs_rbuf.c -> /fwbuild-volumes/latest/apps/wifi-scan/esp8266/build_contexts/build_ctx_962410113/build/objs/cs_rbuf.c.o
  CC    /mongoose-os/fw/src/mgos_config_util.c -> /fwbuild-volumes/latest/apps/wifi-scan/esp8266/build_contexts/build_ctx_962410113/build/objs/mgos_config_util.c.o
  CC    /mongoose-os/fw/src/mgos_dlsym.c -> /fwbuild-volumes/latest/apps/wifi-scan/esp8266/build_contexts/build_ctx_962410113/build/objs/mgos_dlsym.c.o
LD /fwbuild-volumes/latest/apps/wifi-scan/esp8266/build_contexts/build_ctx_962410113/build/objs/rboot/rboot.elf
  CC    /mongoose-os/fw/src/mgos_gpio.c -> /fwbuild-volumes/latest/apps/wifi-scan/esp8266/build_contexts/build_ctx_962410113/build/objs/mgos_gpio.c.o
  CC    /mongoose-os/fw/src/mgos_hooks.c -> /fwbuild-volumes/latest/apps/wifi-scan/esp8266/build_contexts/build_ctx_962410113/build/objs/mgos_hooks.c.o
  CC    /mongoose-os/fw/src/mgos_hw_timers.c -> /fwbuild-volumes/latest/apps/wifi-scan/esp8266/build_contexts/build_ctx_962410113/build/objs/mgos_hw_timers.c.o
E2 /fwbuild-volumes/latest/apps/wifi-scan/esp8266/build_contexts/build_ctx_962410113/build/objs/rboot/rboot.bin
  CC    /mongoose-os/fw/src/mgos_timers.c -> /fwbuild-volumes/latest/apps/wifi-scan/esp8266/build_contexts/build_ctx_962410113/build/objs/mgos_timers.c.o
  CC    /mongoose-os/fw/src/mgos_init.c -> /fwbuild-volumes/latest/apps/wifi-scan/esp8266/build_contexts/build_ctx_962410113/build/objs/mgos_init.c.o
  CC    /mongoose-os/fw/src/mgos_mmap_esp.c -> /fwbuild-volumes/latest/apps/wifi-scan/esp8266/build_contexts/build_ctx_962410113/build/objs/mgos_mmap_esp.c.o
  CC    /mongoose-os/fw/src/mgos_mongoose.c -> /fwbuild-volumes/latest/apps/wifi-scan/esp8266/build_contexts/build_ctx_962410113/build/objs/mgos_mongoose.c.o
  CC    /fwbuild-volumes/latest/apps/wifi-scan/esp8266/build_contexts/build_ctx_962410113/build/gen/mgos_config.c -> /fwbuild-volumes/latest/apps/wifi-scan/esp8266/build_contexts/build_ctx_962410113/build/objs/mgos_config.c.o
  CC    /fwbuild-volumes/latest/apps/wifi-scan/esp8266/build_contexts/build_ctx_962410113/build/gen/mgos_ro_vars.c -> /fwbuild-volumes/latest/apps/wifi-scan/esp8266/build_contexts/build_ctx_962410113/build/objs/mgos_ro_vars.c.o
  CC    /mongoose-os/fw/src/mgos_sys_config.c -> /fwbuild-volumes/latest/apps/wifi-scan/esp8266/build_contexts/build_ctx_962410113/build/objs/mgos_sys_config.c.o
  CC    /mongoose-os/fw/src/mgos_system.c -> /fwbuild-volumes/latest/apps/wifi-scan/esp8266/build_contexts/build_ctx_962410113/build/objs/mgos_system.c.o
  CC    /mongoose-os/fw/src/mgos_uart.c -> /fwbuild-volumes/latest/apps/wifi-scan/esp8266/build_contexts/build_ctx_962410113/build/objs/mgos_uart.c.o
  CC    /mongoose-os/fw/src/mgos_utils.c -> /fwbuild-volumes/latest/apps/wifi-scan/esp8266/build_contexts/build_ctx_962410113/build/objs/mgos_utils.c.o
  CC    /mongoose-os/fw/src/mgos_vfs.c -> /fwbuild-volumes/latest/apps/wifi-scan/esp8266/build_contexts/build_ctx_962410113/build/objs/mgos_vfs.c.o
  CC    /mongoose-os/fw/src/mgos_vfs_dev.c -> /fwbuild-volumes/latest/apps/wifi-scan/esp8266/build_contexts/build_ctx_962410113/build/objs/mgos_vfs_dev.c.o
  CC    /mongoose-os/fw/src/mgos_vfs_fs_spiffs.c -> /fwbuild-volumes/latest/apps/wifi-scan/esp8266/build_contexts/build_ctx_962410113/build/objs/mgos_vfs_fs_spiffs.c.o
  CC    /mongoose-os/common/cs_crc32.c -> /fwbuild-volumes/latest/apps/wifi-scan/esp8266/build_contexts/build_ctx_962410113/build/objs/cs_crc32.c.o
  CC    /mongoose-os/common/platforms/esp8266/rboot/rboot/appcode/rboot-bigflash.c -> /fwbuild-volumes/latest/apps/wifi-scan/esp8266/build_contexts/build_ctx_962410113/build/objs/rboot-bigflash.c.o
  CC    /mongoose-os/common/platforms/esp8266/rboot/rboot/appcode/rboot-api.c -> /fwbuild-volumes/latest/apps/wifi-scan/esp8266/build_contexts/build_ctx_962410113/build/objs/rboot-api.c.o
  CC    /mongoose-os/common/json_utils.c -> /fwbuild-volumes/latest/apps/wifi-scan/esp8266/build_contexts/build_ctx_962410113/build/objs/json_utils.c.o
  CC    /mongoose-os/common/umm_malloc/umm_malloc.c -> /fwbuild-volumes/latest/apps/wifi-scan/esp8266/build_contexts/build_ctx_962410113/build/objs/umm_malloc.c.o
  CC    /mongoose-os/mongoose/mongoose.c -> /fwbuild-volumes/latest/apps/wifi-scan/esp8266/build_contexts/build_ctx_962410113/build/objs/mongoose.c.o
  CC    /mongoose-os/frozen/frozen.c -> /fwbuild-volumes/latest/apps/wifi-scan/esp8266/build_contexts/build_ctx_962410113/build/objs/frozen.c.o
  CC    /mongoose-os/fw/platforms/esp8266/src/esp_config.c -> /fwbuild-volumes/latest/apps/wifi-scan/esp8266/build_contexts/build_ctx_962410113/build/objs/esp_config.c.o
  CC    /mongoose-os/fw/platforms/esp8266/src/esp_coredump.c -> /fwbuild-volumes/latest/apps/wifi-scan/esp8266/build_contexts/build_ctx_962410113/build/objs/esp_coredump.c.o
  CC    /mongoose-os/fw/platforms/esp8266/src/esp_debug.c -> /fwbuild-volumes/latest/apps/wifi-scan/esp8266/build_contexts/build_ctx_962410113/build/objs/esp_debug.c.o
  CC    /mongoose-os/fw/platforms/esp8266/src/esp_exc.c -> /fwbuild-volumes/latest/apps/wifi-scan/esp8266/build_contexts/build_ctx_962410113/build/objs/esp_exc.c.o
  CC    /mongoose-os/fw/platforms/esp8266/src/esp_flash_writer.c -> /fwbuild-volumes/latest/apps/wifi-scan/esp8266/build_contexts/build_ctx_962410113/build/objs/esp_flash_writer.c.o
  CC    /mongoose-os/fw/platforms/esp8266/src/esp_fs.c -> /fwbuild-volumes/latest/apps/wifi-scan/esp8266/build_contexts/build_ctx_962410113/build/objs/esp_fs.c.o
  CC    /mongoose-os/fw/platforms/esp8266/src/esp_gpio.c -> /fwbuild-volumes/latest/apps/wifi-scan/esp8266/build_contexts/build_ctx_962410113/build/objs/esp_gpio.c.o
  CC    /mongoose-os/fw/platforms/esp8266/src/esp_hal.c -> /fwbuild-volumes/latest/apps/wifi-scan/esp8266/build_contexts/build_ctx_962410113/build/objs/esp_hal.c.o
  CC    /mongoose-os/fw/platforms/esp8266/src/esp_heap_trace.c -> /fwbuild-volumes/latest/apps/wifi-scan/esp8266/build_contexts/build_ctx_962410113/build/objs/esp_heap_trace.c.o
  CC    /mongoose-os/fw/platforms/esp8266/src/esp_hw_timers.c -> /fwbuild-volumes/latest/apps/wifi-scan/esp8266/build_contexts/build_ctx_962410113/build/objs/esp_hw_timers.c.o
  CC    /mongoose-os/fw/platforms/esp8266/src/esp_hw_wdt.c -> /fwbuild-volumes/latest/apps/wifi-scan/esp8266/build_contexts/build_ctx_962410113/build/objs/esp_hw_wdt.c.o
  CC    /mongoose-os/fw/platforms/esp8266/src/esp_libc.c -> /fwbuild-volumes/latest/apps/wifi-scan/esp8266/build_contexts/build_ctx_962410113/build/objs/esp_libc.c.o
  CC    /mongoose-os/fw/platforms/esp8266/src/esp_main.c -> /fwbuild-volumes/latest/apps/wifi-scan/esp8266/build_contexts/build_ctx_962410113/build/objs/esp_main.c.o
  CC    /mongoose-os/fw/platforms/esp8266/src/esp_mdns.c -> /fwbuild-volumes/latest/apps/wifi-scan/esp8266/build_contexts/build_ctx_962410113/build/objs/esp_mdns.c.o
  CC    /mongoose-os/fw/platforms/esp8266/src/esp_periph.c -> /fwbuild-volumes/latest/apps/wifi-scan/esp8266/build_contexts/build_ctx_962410113/build/objs/esp_periph.c.o
  CC    /mongoose-os/fw/platforms/esp8266/src/esp_uart.c -> /fwbuild-volumes/latest/apps/wifi-scan/esp8266/build_contexts/build_ctx_962410113/build/objs/esp_uart.c.o
  CC    /mongoose-os/fw/platforms/esp8266/src/esp_updater.c -> /fwbuild-volumes/latest/apps/wifi-scan/esp8266/build_contexts/build_ctx_962410113/build/objs/esp_updater.c.o
  CC    /mongoose-os/fw/platforms/esp8266/src/esp_vfs_dev_sysflash.c -> /fwbuild-volumes/latest/apps/wifi-scan/esp8266/build_contexts/build_ctx_962410113/build/objs/esp_vfs_dev_sysflash.c.o
  CC    /mongoose-os/common/spiffs/spiffs_cache.c -> /fwbuild-volumes/latest/apps/wifi-scan/esp8266/build_contexts/build_ctx_962410113/build/objs/spiffs_cache.c.o
  CC    /mongoose-os/common/spiffs/spiffs_gc.c -> /fwbuild-volumes/latest/apps/wifi-scan/esp8266/build_contexts/build_ctx_962410113/build/objs/spiffs_gc.c.o
  CC    /mongoose-os/common/spiffs/spiffs_nucleus.c -> /fwbuild-volumes/latest/apps/wifi-scan/esp8266/build_contexts/build_ctx_962410113/build/objs/spiffs_nucleus.c.o
  CC    /mongoose-os/common/spiffs/spiffs_check.c -> /fwbuild-volumes/latest/apps/wifi-scan/esp8266/build_contexts/build_ctx_962410113/build/objs/spiffs_check.c.o
  CC    /mongoose-os/common/spiffs/spiffs_hydrogen.c -> /fwbuild-volumes/latest/apps/wifi-scan/esp8266/build_contexts/build_ctx_962410113/build/objs/spiffs_hydrogen.c.o
  CC    /mongoose-os/common/platforms/esp8266/esp_crypto.c -> /fwbuild-volumes/latest/apps/wifi-scan/esp8266/build_contexts/build_ctx_962410113/build/objs/esp_crypto.c.o
  CC    /mongoose-os/common/platforms/esp8266/esp_umm_malloc.c -> /fwbuild-volumes/latest/apps/wifi-scan/esp8266/build_contexts/build_ctx_962410113/build/objs/esp_umm_malloc.c.o
  CC    /mongoose-os/fw/src/mgos_debug.c -> /fwbuild-volumes/latest/apps/wifi-scan/esp8266/build_contexts/build_ctx_962410113/build/objs/mgos_debug.c.o
  CC    /mongoose-os/fw/src/mgos_net.c -> /fwbuild-volumes/latest/apps/wifi-scan/esp8266/build_contexts/build_ctx_962410113/build/objs/mgos_net.c.o
  CC    /mongoose-os/fw/src/mgos_bitbang.c -> /fwbuild-volumes/latest/apps/wifi-scan/esp8266/build_contexts/build_ctx_962410113/build/objs/mgos_bitbang.c.o
  CC    /mongoose-os/fw/src/mgos_sntp.c -> /fwbuild-volumes/latest/apps/wifi-scan/esp8266/build_contexts/build_ctx_962410113/build/objs/mgos_sntp.c.o
  CC    /mongoose-os/fw/platforms/esp8266/src/esp_exc_non_os.c -> /fwbuild-volumes/latest/apps/wifi-scan/esp8266/build_contexts/build_ctx_962410113/build/objs/esp_exc_non_os.c.o
  AS    /mongoose-os/fw/platforms/esp8266/src/esp_exc_vectors.S -> /fwbuild-volumes/latest/apps/wifi-scan/esp8266/build_contexts/build_ctx_962410113/build/objs/esp_exc_vectors.S.o
  AS    /mongoose-os/fw/platforms/esp8266/src/esp_nsleep100.S -> /fwbuild-volumes/latest/apps/wifi-scan/esp8266/build_contexts/build_ctx_962410113/build/objs/esp_nsleep100.S.o
  CP    /fwbuild-volumes/latest/apps/wifi-scan/esp8266/build_contexts/build_ctx_962410113/build/gen/conf0.json -> build/fs
  CP    /fwbuild-volumes/latest/apps/wifi-scan/esp8266/build_contexts/build_ctx_962410113/build/gen/mgos_config_schema.json -> build/fs
  CP    /fwbuild-volumes/latest/apps/wifi-scan/esp8266/build_contexts/build_ctx_962410113/build/gen/mgos_ro_vars_schema.json -> build/fs
  MKFS  /usr/local/bin/mkspiffs8 262144 4096 256 4096 build/fs -> /fwbuild-volumes/latest/apps/wifi-scan/esp8266/build_contexts/build_ctx_962410113/build/objs/fw_temp/fs.bin
     Adding conf0.json: 1939
     Adding mgos_config_schema.json: 5493
     Adding mgos_ro_vars_schema.json: 332
     Image stats: size=262144, space: total=233681, used=8785, free=224896
  GEN   /fwbuild-volumes/latest/apps/wifi-scan/esp8266/build_contexts/build_ctx_962410113/build/gen/build_info.c
  AR    /fwbuild-volumes/latest/apps/wifi-scan/esp8266/build_contexts/build_ctx_962410113/build/objs/mongoose-os.a
  GEN   /fwbuild-volumes/latest/apps/wifi-scan/esp8266/build_contexts/build_ctx_962410113/build/gen/mg_build_info.c
  CC    /fwbuild-volumes/latest/apps/wifi-scan/esp8266/build_contexts/build_ctx_962410113/build/gen/build_info.c -> /fwbuild-volumes/latest/apps/wifi-scan/esp8266/build_contexts/build_ctx_962410113/build/objs/build_info.c.o
  CC    /fwbuild-volumes/latest/apps/wifi-scan/esp8266/build_contexts/build_ctx_962410113/build/gen/mg_build_info.c -> /fwbuild-volumes/latest/apps/wifi-scan/esp8266/build_contexts/build_ctx_962410113/build/objs/mg_build_info.c.o
  LD    /fwbuild-volumes/latest/apps/wifi-scan/esp8266/build_contexts/build_ctx_962410113/build/objs/wifi-scan.elf
  FW    /fwbuild-volumes/latest/apps/wifi-scan/esp8266/build_contexts/build_ctx_962410113/build/objs/wifi-scan.elf -> /fwbuild-volumes/latest/apps/wifi-scan/esp8266/build_contexts/build_ctx_962410113/build/objs/wifi-scan.bin
  Generating breakdown
  GEN    /fwbuild-volumes/latest/apps/wifi-scan/esp8266/build_contexts/build_ctx_962410113/build/objs/fw_temp/manifest.json
  ZIP    /app/build/fw/wifi-scan-esp8266-last.zip
     Adding /fwbuild-volumes/latest/apps/wifi-scan/esp8266/build_contexts/build_ctx_962410113/build/objs/fw_temp/esp_init_data_default.bin
     Adding /fwbuild-volumes/latest/apps/wifi-scan/esp8266/build_contexts/build_ctx_962410113/build/objs/fw_temp/fs.bin
     Adding /fwbuild-volumes/latest/apps/wifi-scan/esp8266/build_contexts/build_ctx_962410113/build/objs/fw_temp/rboot.bin
     Adding /fwbuild-volumes/latest/apps/wifi-scan/esp8266/build_contexts/build_ctx_962410113/build/objs/fw_temp/wifi-scan.bin
  Built wifi-scan/esp8266 version 1.0 (20171104-152240/???)
make: Leaving directory '/app'
Success, built wifi-scan/esp8266 version 1.0 (20171104-152240/???).
Firmware saved to build/fw.zip
